0
1
2
3
4
5
6
7
8
10
11
12
13
14
17
21
22
24
26
27
28
31
32
33
34
35
36
37
38
39
40
41
42
43
44
46
47
48
50
51
53
54
55
56
57
59
61
62
63
65
66
67
69
70
71
72
73
74
76
77
81
83
84
85
87
88
89
90
92
93
94
95
97
98
99
100
102
103
105
106
107
108
110
112
116
119
121
122
123
124
125
126
127
128
129
130
131
132
133
135
136
137
138
140
146
147
149
150
153
154
155
156
157
158
159
160
161
162
163
164
166
168
169
170
174
179
180
181
183
185
186
187
189
190
191
192
194
197
199
202
203
204
205
206
208
209
210
211
212
214
216
217
218
219
220
222
224
225
226
227
228
229
230
231
232
233
234
236
237
238
239
240
243
247
248
250
252
253
254
257
258
259
260
261
262
263
264
265
266
267
268
269
270
272
273
274
276
277
279
280
281
282
283
285
287
288
289
291
292
293
295
296
297
298
299
300
302
303
307
309
310
311
313
314
315
316
318
319
320
321
323
324
325
326
328
329
331
332
333
334
336
338
342
345
347
348
349
350
351
352
353
354
355
356
357
358
359
361
362
363
364
366
372
373
375
376
379
380
381
382
383
384
385
386
387
388
389
390
392
394
395
396
400
405
406
407
409
411
412
413
415
416
417
418
420
423
425
428
429
430
431
432
434
435
436
437
438
440
442
443
444
445
446
448
450
451
452
453
454
455
456
457
458
459
460
462
463
464
465
466
469
473
474
476
478
479
480
483
484
485
486
487
488
489
490
491
492
493
494
495
496
498
499
500
502
503
505
506
507
508
509
511
513
514
515
517
518
519
521
522
523
524
525
526
528
529
533
535
536
537
539
540
541
542
544
545
546
547
549
550
551
552
554
555
557
558
559
560
562
564
568
571
573
574
575
576
577
578
579
580
581
582
583
584
585
587
588
589
590
592
598
599
601
602
605
606
607
608
609
610
611
612
613
614
615
616
618
620
621
622
626
631
632
633
635
637
638
639
641
642
643
644
646
649
651
654
655
656
657
658
660
661
662
663
664
666
668
669
670
671
672
674
676
677
678
679
680
681
682
683
684
685
686
688
689
690
691
692
695
699
700
702
704
705
706
709
710
711
712
713
714
715
716
717
718
719
720
721
722
724
725
726
728
729
731
732
733
734
735
737
739
740
741
743
744
745
747
748
749
750
751
752
754
755
759
761
762
763
765
766
767
768
770
771
772
773
775
776
777
778
780
781
783
784
785
786
788
790
794
797
799
800
801
802
803
804
805
806
807
808
809
810
811
813
814
815
816
818
824
825
827
828
831
832
833
834
835
836
837
838
839
840
841
842
844
846
847
848
852
857
858
859
861
863
864
865
867
868
869
870
872
875
877
880
881
882
883
884
886
887
888
889
890
892
894
895
896
897
898
900
902
903
904
905
906
907
908
909
910
911
912
914
915
916
917
918
921
925
926
928
930
931
932
935
936
937
938
939
940
941
942
943
944
945
946
947
948
950
951
952
954
955
957
958
959
960
961
963
965
966
967
969
970
971
973
974
975
976
977
978
980
981
985
987
988
989
991
992
993
994
996
997
998
999
1001
1002
1003
1004
1006
1007
1009
1010
1011
1012
1014
1016
1020
1023
1025
1026
1027
1028
1029
1030
1031
1032
1033
1034
1035
1036
1037
1039
1040
1041
1042
1044
1050
1051
1053
1054
1057
1058
1059
1060
1061
1062
1063
1064
1065
1066
1067
1068
1070
1072
1073
1074
1078
1083
1084
1085
1087
1089
1090
1091
1093
1094
1095
1096
1098
1101
1103
1106
1107
1108
1109
1110
1112
1113
1114
1115
1116
1118
1120
1121
1122
1123
1124
1126
1128
1129
1130
1131
1132
1133
1134
1135
1136
1137
1138
1140
1141
1142
1143
1144
1147
1151
1152
1154
1156
1157
1158
1161
1162
1163
1164
1165
1166
1167
1168
1169
1170
1171
1172
1173
1174
1176
1177
1178
1180
1181
1183
1184
1185
1186
1187
1189
1191
1192
1193
1195
1196
1197
1199
1200
1201
1202
1203
1204
1206
1207
1211
1213
1214
1215
1217
1218
1219
1220
1222
1223
1224
1225
1227
1228
1229
1230
1232
1233
1235
1236
1237
1238
1240
1242
1246
1249
1251
1252
1253
1254
1255
1256
1257
1258
1259
1260
1261
1262
1263
1265
1266
1267
1268
1270
1276
1277
1279
1280
1283
1284
1285
1286
1287
1288
1289
1290
1291
1292
1293
1294
1296
1298
1299
1300
1304
1309
1310
1311
1313
1315
1316
1317
1319
1320
1321
1322
1324
1327
1329
1332
1333
1334
1335
1336
1338
1339
1340
1341
1342
1344
1346
1347
1348
1349
1350
1352
1354
1355
1356
1357
1358
1359
1360
1361
1362
1363
1364
1366
1367
1368
1369
1370
1373
1377
1378
1380
1382
1383
1384
1387
1388
1389
1390
1391
1392
1393
1394
1395
1396
1397
1398
1399
1400
1402
1403
1404
1406
1407
1409
1410
1411
1412
1413
1415
1417
1418
1419
1421
1422
1423
1425
1426
1427
1428
1429
1430
1432
1433
1437
1439
1440
1441
1443
1444
1445
1446
1448
1449
1450
1451
1453
1454
1455
1456
1458
1459
1461
1462
1463
1464
1466
1468
1472
1475
1477
1478
1479
1480
1481
1482
1483
1484
1485
1486
1487
1488
1489
1491
1492
1493
1494
1496
1502
1503
1505
1506
1509
1510
1511
1512
1513
1514
1515
1516
1517
1518
1519
1520
1522
1524
1525
1526
1530
1535
1536
1537
1539
1541
1542
1543
1545
1546
1547
1548
1550
1553
1555
1558
1559
1560
1561
1562
1564
1565
1566
1567
1568
1570
1572
1573
1574
1575
1576
1578
1580
1581
1582
1583
1584
1585
1586
1587
1588
1589
1590
1592
1593
1594
1595
1596
1599
1603
1604
1606
1608
1609
1610
1613
1614
1615
1616
1617
1618
1619
1620
1621
1622
1623
1624
1625
1626
1628
1629
1630
1632
1633
1635
1636
1637
1638
1639
1641
1643
1644
1645
1647
1648
1649
1651
1652
1653
1654
1655
1656
1658
1659
1663
1665
1666
1667
1669
1670
1671
1672
1674
1675
1676
1677
1679
1680
1681
1682
1684
1685
1687
1688
1689
1690
1692
1694
1698
1701
1703
1704
1705
1706
1707
1708
1709
1710
1711
1712
1713
1714
1715
1717
1718
1719
1720
1722
1728
1729
1731
1732
1735
1736
1737
1738
1739
1740
1741
1742
1743
1744
1745
1746
1748
1750
1751
1752
1756
1761
1762
1763
1765
1767
1768
1769
1771
1772
1773
1774
1776
1779
1781
1784
1785
1786
1787
1788
1790
1791
1792
1793
1794
1796
1798
1799
1800
1801
1802
1804
1806
1807
1808
1809
1810
1811
1812
1813
1814
1815
1816
1818
1819
1820
1821
1822
1825
1829
1830
1832
1834
1835
1836
1839
1840
1841
1842
1843
1844
1845
1846
1847
1848
1849
1850
1851
1852
1854
1855
1856
1858
1859
1861
1862
1863
1864
1865
1867
1869
1870
1871
1873
1874
1875
1877
1878
1879
1880
1881
1882
1884
1885
1889
1891
1892
1893
1895
1896
1897
1898
1900
1901
1902
1903
1905
1906
1907
1908
1910
1911
1913
1914
1915
1916
1918
1920
1924
1927
1929
1930
1931
1932
1933
1934
1935
1936
1937
1938
1939
1940
1941
1943
1944
1945
1946
1948
1954
1955
1957
1958
1961
1962
1963
1964
1965
1966
1967
1968
1969
1970
1971
1972
1974
1976
1977
1978
1982
1987
1988
1989
1991
1993
1994
1995
1997
1998
1999
2000
2002
2005
2007
2010
2011
2012
2013
2014
2016
2017
2018
2019
2020
2022
2024
2025
2026
2027
2028
2030
2032
2033
2034
2035
2036
2037
2038
2039
2040
2041
2042
2044
2045
2046
2047
2048
2051
2055
2056
2058
2060
2061
2062
2065
2066
2067
2068
2069
2070
2071
2072
2073
2074
2075
2076
2077
2078
2080
2081
2082
2084
2085
2087
2088
2089
2090
2091
2093
2095
2096
2097
2099
2100
2101
2103
2104
2105
2106
2107
2108
2110
2111
2115
2117
2118
2119
2121
2122
2123
2124
2126
2127
2128
2129
2131
2132
2133
2134
2136
2137
2139
2140
2141
2142
2144
2146
2150
2153
2155
2156
2157
2158
2159
2160
2161
2162
2163
2164
2165
2166
2167
2169
2170
2171
2172
2174
2180
2181
2183
2184
2187
2188
2189
2190
2191
2192
2193
2194
2195
2196
2197
2198
2200
2202
2203
2204
2208
2213
2214
2215
2217
2219
2220
2221
2223
2224
2225
2226
2228
2231
2233
2236
2237
2238
2239
2240
2242
2243
2244
2245
2246
2248
2250
2251
2252
2253
2254
2256
2258
2259
2260
2261
2262
2263
2264
2265
2266
2267
2268
2270
2271
2272
2273
2274
2277
2281
2282
2284
2286
2287
2288
2291
2292
2293
2294
2295
2296
2297
2298
2299
2300
2301
2302
2303
2304
2306
2307
2308
2310
2311
2313
2314
2315
2316
2317
2319
2321
2322
2323
2325
2326
2327
2329
2330
2331
2332
2333
2334
2336
2337
2341
2343
2344
2345
2347
2348
2349
2350
2352
2353
2354
2355
2357
2358
2359
2360
2362
2363
2365
2366
2367
2368
2370
2372
2376
2379
2381
2382
2383
2384
2385
2386
2387
2388
2389
2390
2391
2392
2393
2395
2396
2397
2398
2400
2406
2407
2409
2410
2413
2414
2415
2416
2417
2418
2419
2420
2421
2422
2423
2424
2426
2428
2429
2430
2434
2439
2440
2441
2443
2445
2446
2447
2449
2450
2451
2452
2454
2457
2459
2462
2463
2464
2465
2466
2468
2469
2470
2471
2472
2474
2476
2477
2478
2479
2480
2482
2484
2485
2486
2487
2488
2489
2490
2491
2492
2493
2494
2496
2497
2498
2499
2500
2503
2507
2508
2510
2512
2513
2514
2517
2518
2519
2520
2521
2522
2523
2524
2525
2526
2527
2528
2529
2530
2532
2533
2534
2536
2537
2539
2540
2541
2542
2543
2545
2547
2548
2549
2551
2552
2553
2555
2556
2557
2558
2559
2560
2562
2563
2567
2569
2570
2571
2573
2574
2575
2576
2578
2579
2580
2581
2583
2584
2585
2586
2588
2589
2591
2592
2593
2594
2596
2598
2602
2605
2607
2608
2609
2610
2611
2612
2613
2614
2615
2616
2617
2618
2619
2621
2622
2623
2624
2626
2632
2633
2635
2636
2639
2640
2641
2642
2643
2644
2645
2646
2647
2648
2649
2650
2652
2654
2655
2656
2660
2665
2666
2667
2669
2671
2672
2673
2675
2676
2677
2678
2680
2683
2685
2688
2689
2690
2691
2692
2694
2695
2696
2697
2698
2700
2702
2703
2704
2705
2706
2708
2710
2711
2712
2713
2714
2715
2716
2717
2718
2719
2720
2722
2723
2724
2725
2726
2729
2733
2734
2736
2738
2739
2740
2743
2744
2745
2746
2747
2748
2749
2750
2751
2752
2753
2754
2755
2756
2758
2759
2760
2762
2763
2765
2766
2767
2768
2769
2771
2773
2774
2775
2777
2778
2779
2781
2782
2783
2784
2785
2786
2788
2789
2793
2795
2796
2797
2799
2800
2801
2802
2804
2805
2806
2807
2809
2810
2811
2812
2814
2815
2817
2818
2819
2820
2822
2824
2828
2831
2833
2834
2835
2836
2837
2838
2839
2840
2841
2842
2843
2844
2845
2847
2848
2849
2850
2852
2858
2859
2861
2862
2865
2866
2867
2868
2869
2870
2871
2872
2873
2874
2875
2876
2878
2880
2881
2882
2886
2891
2892
2893
2895
2897
2898
2899
2901
2902
2903
2904
2906
2909
2911
2914
2915
2916
2917
2918
2920
2921
2922
2923
2924
2926
2928
2929
2930
2931
2932
2934
2936
2937
2938
2939
2940
2941
2942
2943
2944
2945
2946
2948
2949
2950
2951
2952
2955
2959
2960
2962
2964
2965
2966
2969
2970
2971
2972
2973
2974
2975
2976
2977
2978
2979
2980
2981
2982
2984
2985
2986
2988
2989
2991
2992
2993
2994
2995
2997
2999
3000
3001
3003
3004
3005
3007
3008
3009
3010
3011
3012
3014
3015
3019
3021
3022
3023
3025
3026
3027
3028
3030
3031
3032
3033
3035
3036
3037
3038
3040
3041
3043
3044
3045
3046
3048
3050
3054
3057
3059
3060
3061
3062
3063
3064
3065
3066
3067
3068
3069
3070
3071
3073
3074
3075
3076
3078
3084
3085
3087
3088
3091
3092
3093
3094
3095
3096
3097
3098
3099
3100
3101
3102
3104
3106
3107
3108
3112
3117
3118
3119
3121
3123
3124
3125
3127
3128
3129
3130
3132
3135
3137
3140
3141
3142
3143
3144
3146
3147
3148
3149
3150
3152
3154
3155
3156
3157
3158
3160
3162
3163
3164
3165
3166
3167
3168
3169
3170
3171
3172
3174
3175
3176
3177
3178
3181
3185
3186
3188
3190
3191
3192
3195
3196
3197
3198
3199
3200
3201
3202
3203
3204
3205
3206
3207
3208
3210
3211
3212
3214
3215
3217
3218
3219
3220
3221
3223
3225
3226
3227
3229
3230
3231
3233
3234
3235
3236
3237
3238
3240
3241
3245
3247
3248
3249
3251
3252
3253
3254
3256
3257
3258
3259
3261
3262
3263
3264
3266
3267
3269
3270
3271
3272
3274
3276
3280
3283
3285
3286
3287
3288
3289
3290
3291
3292
3293
3294
3295
3296
3297
3299
3300
3301
3302
3304
3310
3311
3313
3314
3317
3318
3319
3320
3321
3322
3323
3324
3325
3326
3327
3328
3330
3332
3333
3334
3338
3343
3344
3345
3347
3349
3350
3351
3353
3354
3355
3356
3358
3361
3363
3366
3367
3368
3369
3370
3372
3373
3374
3375
3376
3378
3380
3381
3382
3383
3384
3386
3388
3389
3390
3391
3392
3393
3394
3395
3396
3397
3398
3400
3401
3402
3403
3404
3407
3411
3412
3414
3416
3417
3418
3421
3422
3423
3424
3425
3426
3427
3428
3429
3430
3431
3432
3433
3434
3436
3437
3438
3440
3441
3443
3444
3445
3446
3447
3449
3451
3452
3453
3455
3456
3457
3459
3460
3461
3462
3463
3464
3466
3467
3471
3473
3474
3475
3477
3478
3479
3480
3482
3483
3484
3485
3487
3488
3489
3490
3492
3493
3495
3496
3497
3498
3500
3502
3506
3509
3511
3512
3513
3514
3515
3516
3517
3518
3519
3520
3521
3522
3523
3525
3526
3527
3528
3530
3536
3537
3539
3540
3543
3544
3545
3546
3547
3548
3549
3550
3551
3552
3553
3554
3556
3558
3559
3560
3564
3569
3570
3571
3573
3575
3576
3577
3579
3580
3581
3582
3584
3587
3589
3592
3593
3594
3595
3596
3598
3599
3600
3601
3602
3604
3606
3607
3608
3609
3610
3612
3614
3615
3616
3617
3618
3619
3620
3621
3622
3623
3624
3626
3627
3628
3629
3630
3633
3637
3638
3640
3642
3643
3644
3647
3648
3649
3650
3651
3652
3653
3654
3655
3656
3657
3658
3659
3660
3662
3663
3664
3666
3667
3669
3670
3671
3672
3673
3675
3677
3678
3679
3681
3682
3683
3685
3686
3687
3688
3689
3690
3692
3693
3697
3699
3700
3701
3703
3704
3705
3706
3708
3709
3710
3711
3713
3714
3715
3716
3718
3719
3721
3722
3723
3724
3726
3728
3732
3735
3737
3738
3739
3740
3741
3742
3743
3744
3745
3746
3747
3748
3749
3751
3752
3753
3754
3756
3762
3763
3765
3766
3769
3770
3771
3772
3773
3774
3775
3776
3777
3778
3779
3780
3782
3784
3785
3786
3790
3795
3796
3797
3799
3801
3802
3803
3805
3806
3807
3808
3810
3813
3815
3818
3819
3820
3821
3822
3824
3825
3826
3827
3828
3830
3832
3833
3834
3835
3836
3838
3840
3841
3842
3843
3844
3845
3846
3847
3848
3849
3850
3852
3853
3854
3855
3856
3859
3863
3864
3866
3868
3869
3870
3873
3874
3875
3876
3877
3878
3879
3880
3881
3882
3883
3884
3885
3886
3888
3889
3890
3892
3893
3895
3896
3897
3898
3899
3901
3903
3904
3905
3907
3908
3909
3911
3912
3913
3914
3915
3916
3918
3919
3923
3925
3926
3927
3929
3930
3931
3932
3934
3935
3936
3937
3939
3940
3941
3942
3944
3945
3947
3948
3949
3950
3952
3954
3958
3961
3963
3964
3965
3966
3967
3968
3969
3970
3971
3972
3973
3974
3975
3977
3978
3979
3980
3982
3988
3989
3991
3992
3995
3996
3997
3998
3999
4000
4001
4002
4003
4004
4005
4006
4008
4010
4011
4012
4016
4021
4022
4023
4025
4027
4028
4029
4031
4032
4033
4034
4036
4039
4041
4044
4045
4046
4047
4048
4050
4051
4052
4053
4054
4056
4058
4059
4060
4061
4062
4064
4066
4067
4068
4069
4070
4071
4072
4073
4074
4075
4076
4078
4079
4080
4081
4082
4085
4089
4090
4092
4094
4095
4096
4099
4100
4101
4102
4103
4104
4105
4106
4107
4108
4109
4110
4111
4112
4114
4115
4116
4118
4119
4121
4122
4123
4124
4125
4127
4129
4130
4131
4133
4134
4135
4137
4138
4139
4140
4141
4142
4144
4145
4149
4151
4152
4153
4155
4156
4157
4158
4160
4161
4162
4163
4165
4166
4167
4168
4170
4171
4173
4174
4175
4176
4178
4180
4184
4187
4189
4190
4191
4192
4193
4194
4195
4196
4197
4198
4199
4200
4201
4203
4204
4205
4206
4208
4214
4215
4217
4218
4221
4222
4223
4224
4225
4226
4227
4228
4229
4230
4231
4232
4234
4236
4237
4238
4242
4247
4248
4249
4251
4253
4254
4255
4257
4258
4259
4260
4262
4265
4267
4270
4271
4272
4273
4274
4276
4277
4278
4279
4280
4282
4284
4285
4286
4287
4288
4290
4292
4293
4294
4295
4296
4297
4298
4299
4300
4301
4302
4304
4305
4306
4307
4308
4311
4315
4316
4318
4320
4321
4322
4325
4326
4327
4328
4329
4330
4331
4332
4333
4334
4335
4336
4337
4338
4340
4341
4342
4344
4345
4347
4348
4349
4350
4351
4353
4355
4356
4357
4359
4360
4361
4363
4364
4365
4366
4367
4368
4370
4371
4375
4377
4378
4379
4381
4382
4383
4384
4386
4387
4388
4389
4391
4392
4393
4394
4396
4397
4399
4400
4401
4402
4404
4406
4410
4413
4415
4416
4417
4418
4419
4420
4421
4422
4423
4424
4425
4426
4427
4429
4430
4431
4432
4434
4440
4441
4443
4444
4447
4448
4449
4450
4451
4452
4453
4454
4455
4456
4457
4458
4460
4462
4463
4464
4468
4473
4474
4475
4477
4479
4480
4481
4483
4484
4485
4486
4488
4491
4493
4496
4497
4498
4499
4500
4502
4503
4504
4505
4506
4508
4510
4511
4512
4513
4514
4516
4518
4519
4520
4521
4522
4523
4524
4525
4526
4527
4528
4530
4531
4532
4533
4534
4537
4541
4542
4544
4546
4547
4548
4551
4552
4553
4554
4555
4556
4557
4558
4559
4560
4561
4562
4563
4564
4566
4567
4568
4570
4571
4573
4574
4575
4576
4577
4579
4581
4582
4583
4585
4586
4587
4589
4590
4591
4592
4593
4594
4596
4597
4601
4603
4604
4605
4607
4608
4609
4610
4612
4613
4614
4615
4617
4618
4619
4620
4622
4623
4625
4626
4627
4628
4630
4632
4636
4639
4641
4642
4643
4644
4645
4646
4647
4648
4649
4650
4651
4652
4653
4655
4656
4657
4658
4660
4666
4667
4669
4670
4673
4674
4675
4676
4677
4678
4679
4680
4681
4682
4683
4684
4686
4688
4689
4690
4694
4699
4700
4701
4703
4705
4706
4707
4709
4710
4711
4712
4714
4717
4719
4722
4723
4724
4725
4726
4728
4729
4730
4731
4732
4734
4736
4737
4738
4739
4740
4742
4744
4745
4746
4747
4748
4749
4750
4751
4752
4753
4754
4756
4757
4758
4759
4760
4763
4767
4768
4770
4772
4773
4774
4777
4778
4779
4780
4781
4782
4783
4784
4785
4786
4787
4788
4789
4790
4792
4793
4794
4796
4797
4799
4800
4801
4802
4803
4805
4807
4808
4809
4811
4812
4813
4815
4816
4817
4818
4819
4820
4822
4823
4827
4829
4830
4831
4833
4834
4835
4836
4838
4839
4840
4841
4843
4844
4845
4846
4848
4849
4851
4852
4853
4854
4856
4858
4862
4865
4867
4868
4869
4870
4871
4872
4873
4874
4875
4876
4877
4878
4879
4881
4882
4883
4884
4886
4892
4893
4895
4896
4899
4900
4901
4902
4903
4904
4905
4906
4907
4908
4909
4910
4912
4914
4915
4916
4920
4925
4926
4927
4929
4931
4932
4933
4935
4936
4937
4938
4940
4943
4945
4948
4949
4950
4951
4952
4954
4955
4956
4957
4958
4960
4962
4963
4964
4965
4966
4968
4970
4971
4972
4973
4974
4975
4976
4977
4978
4979
4980
4982
4983
4984
4985
4986
4989
4993
4994
4996
4998
4999
5000
5003
5004
5005
5006
5007
5008
5009
5010
5011
5012
5013
5014
5015
5016
5018
5019
5020
5022
5023
5025
5026
5027
5028
5029
5031
5033
5034
5035
5037
5038
5039
5041
5042
5043
5044
5045
5046
5048
5049
5053
5055
5056
5057
5059
5060
5061
5062
5064
5065
5066
5067
5069
5070
5071
5072
5074
5075
5077
5078
5079
5080
5082
5084
5088
5091
5093
5094
5095
5096
5097
5098
5099
5100
5101
5102
5103
5104
5105
5107
5108
5109
5110
5112
5118
5119
5121
5122
5125
5126
5127
5128
5129
5130
5131
5132
5133
5134
5135
5136
5138
5140
5141
5142
5146
5151
5152
5153
5155
5157
5158
5159
5161
5162
5163
5164
5166
5169
5171
5174
5175
5176
5177
5178
5180
5181
5182
5183
5184
5186
5188
5189
5190
5191
5192
5194
5196
5197
5198
5199
5200
5201
5202
5203
5204
5205
5206
5208
5209
5210
5211
5212
5215
5219
5220
5222
5224
5225
5226
5229
5230
5231
5232
5233
5234
5235
5236
5237
5238
5239
5240
5241
5242
5244
5245
5246
5248
5249
5251
5252
5253
5254
5255
5257
5259
5260
5261
5263
5264
5265
5267
5268
5269
5270
5271
5272
5274
5275
5279
5281
5282
5283
5285
5286
5287
5288
5290
5291
5292
5293
5295
5296
5297
5298
5300
5301
5303
5304
5305
5306
5308
5310
5314
5317
5319
5320
5321
5322
5323
5324
5325
5326
5327
5328
5329
5330
5331
5333
5334
5335
5336
5338
5344
5345
5347
5348
5351
5352
5353
5354
5355
5356
5357
5358
5359
5360
5361
5362
5364
5366
5367
5368
5372
5377
5378
5379
5381
5383
5384
5385
5387
5388
5389
5390
5392
5395
5397
5400
5401
5402
5403
5404
5406
5407
5408
5409
5410
5412
5414
5415
5416
5417
5418
5420
5422
5423
5424
5425
5426
5427
5428
5429
5430
5431
5432
5434
5435
5436
5437
5438
5441
5445
5446
5448
5450
5451
5452
5455
5456
5457
5458
5459
5460
5461
5462
5463
5464
5465
5466
5467
5468
5470
5471
5472
5474
5475
5477
5478
5479
5480
5481
5483
5485
5486
5487
5489
5490
5491
5493
5494
5495
5496
5497
5498
5500
5501
5505
5507
5508
5509
5511
5512
5513
5514
5516
5517
5518
5519
5521
5522
5523
5524
5526
5527
5529
5530
5531
5532
5534
5536
5540
5543
5545
5546
5547
5548
5549
5550
5551
5552
5553
5554
5555
5556
5557
5559
5560
5561
5562
5564
5570
5571
5573
5574
5577
5578
5579
5580
5581
5582
5583
5584
5585
5586
5587
5588
5590
5592
5593
5594
5598
5603
5604
5605
5607
5609
5610
5611
5613
5614
5615
5616
5618
5621
5623
5626
5627
5628
5629
5630
5632
5633
5634
5635
5636
5638
5640
5641
5642
5643
5644
5646
5648
5649
5650
5651
5652
5653
5654
5655
5656
5657
5658
5660
5661
5662
5663
5664
5667
5671
5672
5674
5676
5677
5678
5681
5682
5683
5684
5685
5686
5687
5688
5689
5690
5691
5692
5693
5694
5696
5697
5698
5700
5701
5703
5704
5705
5706
5707
5709
5711
5712
5713
5715
5716
5717
5719
5720
5721
5722
5723
5724
5726
5727
5731
5733
5734
5735
5737
5738
5739
5740
5742
5743
5744
5745
5747
5748
5749
5750
5752
5753
5755
5756
5757
5758
5760
5762
5766
5769
5771
5772
5773
5774
5775
5776
5777
5778
5779
5780
5781
5782
5783
5785
5786
5787
5788
5790
5796
5797
5799
5800
5803
5804
5805
5806
5807
5808
5809
5810
5811
5812
5813
5814
5816
5818
5819
5820
5824
5829
5830
5831
5833
5835
5836
5837
5839
5840
5841
5842
5844
5847
5849
5852
5853
5854
5855
5856
5858
5859
5860
5861
5862
5864
5866
5867
5868
5869
5870
5872
5874
5875
5876
5877
5878
5879
5880
5881
5882
5883
5884
5886
5887
5888
5889
5890
5893
5897
5898
5900
5902
5903
5904
5907
5908
5909
5910
5911
5912
5913
5914
5915
5916
5917
5918
5919
5920
5922
5923
5924
5926
5927
5929
5930
5931
5932
5933
5935
5937
5938
5939
5941
5942
5943
5945
5946
5947
5948
5949
5950
5952
5953
5957
5959
5960
5961
5963
5964
5965
5966
5968
5969
5970
5971
5973
5974
5975
5976
5978
5979
5981
5982
5983
5984
5986
5988
5992
5995
5997
5998
5999
6000
6001
6002
6003
6004
6005
6006
6007
6008
6009
6011
6012
6013
6014
6016
6022
6023
6025
6026
6029
6030
6031
6032
6033
6034
6035
6036
6037
6038
6039
6040
6042
6044
6045
6046
6050
6055
6056
6057
6059
6061
6062
6063
6065
6066
6067
6068
6070
6073
6075
6078
6079
6080
6081
6082
6084
6085
6086
6087
6088
6090
6092
6093
6094
6095
6096
6098
6100
6101
6102
6103
6104
6105
6106
6107
6108
6109
6110
6112
6113
6114
6115
6116
6119
6123
6124
6126
6128
6129
6130
6133
6134
6135
6136
6137
6138
6139
6140
6141
6142
6143
6144
6145
6146
6148
6149
6150
6152
6153
6155
6156
6157
6158
6159
6161
6163
6164
6165
6167
6168
6169
6171
6172
6173
6174
6175
6176
6178
6179
6183
6185
6186
6187
6189
6190
6191
6192
6194
6195
6196
6197
6199
6200
6201
6202
6204
6205
6207
6208
6209
6210
6212
6214
6218
6221
6223
6224
6225
6226
6227
6228
6229
6230
6231
6232
6233
6234
6235
6237
6238
6239
6240
6242
6248
6249
6251
6252
6255
6256
6257
6258
6259
6260
6261
6262
6263
6264
6265
6266
6268
6270
6271
6272
6276
6281
6282
6283
6285
6287
6288
6289
6291
6292
6293
6294
6296
6299
6301
6304
6305
6306
6307
6308
6310
6311
6312
6313
6314
6316
6318
6319
6320
6321
6322
6324
6326
6327
6328
6329
6330
6331
6332
6333
6334
6335
6336
6338
6339
6340
6341
6342
6345
6349
6350
6352
6354
6355
6356
6359
6360
6361
6362
6363
6364
6365
6366
6367
6368
6369
6370
6371
6372
6374
6375
6376
6378
6379
6381
6382
6383
6384
6385
6387
6389
6390
6391
6393
6394
6395
6397
6398
6399
6400
6401
6402
6404
6405
6409
6411
6412
6413
6415
6416
6417
6418
6420
6421
6422
6423
6425
6426
6427
6428
6430
6431
6433
6434
6435
6436
6438
6440
6444
6447
6449
6450
6451
6452
6453
6454
6455
6456
6457
6458
6459
6460
6461
6463
6464
6465
6466
6468
6474
6475
6477
6478
6481
6482
6483
6484
6485
6486
6487
6488
6489
6490
6491
6492
6494
6496
6497
6498
6502
6507
6508
6509
6511
6513
6514
6515
6517
6518
6519
6520
6522
6525
6527
6530
6531
6532
6533
6534
6536
6537
6538
6539
6540
6542
6544
6545
6546
6547
6548
6550
6552
6553
6554
6555
6556
6557
6558
6559
6560
6561
6562
6564
6565
6566
6567
6568
6571
6575
6576
6578
6580
6581
6582
6585
6586
6587
6588
6589
6590
6591
6592
6593
6594
6595
6596
6597
6598
6600
6601
6602
6604
6605
6607
6608
6609
6610
6611
6613
6615
6616
6617
6619
6620
6621
6623
6624
6625
6626
6627
6628
6630
6631
6635
6637
6638
6639
6641
6642
6643
6644
6646
6647
6648
6649
6651
6652
6653
6654
6656
6657
6659
6660
6661
6662
6664
6666
6670
6673
6675
6676
6677
6678
6679
6680
6681
6682
6683
6684
6685
6686
6687
6689
6690
6691
6692
6694
6700
6701
6703
6704
6707
6708
6709
6710
6711
6712
6713
6714
6715
6716
6717
6718
6720
6722
6723
6724
6728
6733
6734
6735
6737
6739
6740
6741
6743
6744
6745
6746
6748
6751
6753
6756
6757
6758
6759
6760
6762
6763
6764
6765
6766
6768
6770
6771
6772
6773
6774
6776
6778
6779
6780
6781
6782
6783
6784
6785
6786
6787
6788
6790
6791
6792
6793
6794
6797
6801
6802
6804
6806
6807
6808
6811
6812
6813
6814
6815
6816
6817
6818
6819
6820
6821
6822
6823
6824
6826
6827
6828
6830
6831
6833
6834
6835
6836
6837
6839
6841
6842
6843
6845
6846
6847
6849
6850
6851
6852
6853
6854
6856
6857
6861
6863
6864
6865
6867
6868
6869
6870
6872
6873
6874
6875
6877
6878
6879
6880
6882
6883
6885
6886
6887
6888
6890
6892
6896
6899
6901
6902
6903
6904
6905
6906
6907
6908
6909
6910
6911
6912
6913
6915
6916
6917
6918
6920
6926
6927
6929
6930
6933
6934
6935
6936
6937
6938
6939
6940
6941
6942
6943
6944
6946
6948
6949
6950
6954
6959
6960
6961
6963
6965
6966
6967
6969
6970
6971
6972
6974
6977
6979
6982
6983
6984
6985
6986
6988
6989
6990
6991
6992
6994
6996
6997
6998
6999
7000
7002
7004
7005
7006
7007
7008
7009
7010
7011
7012
7013
7014
7016
7017
7018
7019
7020
7023
7027
7028
7030
7032
7033
7034
7037
7038
7039
7040
7041
7042
7043
7044
7045
7046
7047
7048
7049
7050
7052
7053
7054
7056
7057
7059
7060
7061
7062
7063
7065
7067
7068
7069
7071
7072
7073
7075
7076
7077
7078
7079
7080
7082
7083
7087
7089
7090
7091
7093
7094
7095
7096
7098
7099
7100
7101
7103
7104
7105
7106
7108
7109
7111
7112
7113
7114
7116
7118
7122
7125
7127
7128
7129
7130
7131
7132
7133
7134
7135
7136
7137
7138
7139
7141
7142
7143
7144
7146
7152
7153
7155
7156
7159
7160
7161
7162
7163
7164
7165
7166
7167
7168
7169
7170
7172
7174
7175
7176
7180
7185
7186
7187
7189
7191
7192
7193
7195
7196
7197
7198
7200
7203
7205
7208
7209
7210
7211
7212
7214
7215
7216
7217
7218
7220
7222
7223
7224
7225
7226
7228
7230
7231
7232
7233
7234
7235
7236
7237
7238
7239
7240
7242
7243
7244
7245
7246
7249
7253
7254
7256
7258
7259
7260
7263
7264
7265
7266
7267
7268
7269
7270
7271
7272
7273
7274
7275
7276
7278
7279
7280
7282
7283
7285
7286
7287
7288
7289
7291
7293
7294
7295
7297
7298
7299
7301
7302
7303
7304
7305
7306
7308
7309
7313
7315
7316
7317
7319
7320
7321
7322
7324
7325
7326
7327
7329
7330
7331
7332
7334
7335
7337
7338
7339
7340
7342
7344
7348
7351
7353
7354
7355
7356
7357
7358
7359
7360
7361
7362
7363
7364
7365
7367
7368
7369
7370
7372
7378
7379
7381
7382
7385
7386
7387
7388
7389
7390
7391
7392
7393
7394
7395
7396
7398
7400
7401
7402
7406
7411
7412
7413
7415
7417
7418
7419
7421
7422
7423
7424
7426
7429
7431
7434
7435
7436
7437
7438
7440
7441
7442
7443
7444
7446
7448
7449
7450
7451
7452
7454
7456
7457
7458
7459
7460
7461
7462
7463
7464
7465
7466
7468
7469
7470
7471
7472
7475
7479
7480
7482
7484
7485
7486
7489
7490
7491
7492
7493
7494
7495
7496
7497
7498
7499
7500
7501
7502
7504
7505
7506
7508
7509
7511
7512
7513
7514
7515
7517
7519
7520
7521
7523
7524
7525
7527
7528
7529
7530
7531
7532
7534
7535
7539
7541
7542
7543
7545
7546
7547
7548
7550
7551
7552
7553
7555
7556
7557
7558
7560
7561
7563
7564
7565
7566
7568
7570
7574
7577
7579
7580
7581
7582
7583
7584
7585
7586
7587
7588
7589
7590
7591
7593
7594
7595
7596
7598
7604
7605
7607
7608
7611
7612
7613
7614
7615
7616
7617
7618
7619
7620
7621
7622
7624
7626
7627
7628
7632
7637
7638
7639
7641
7643
7644
7645
7647
7648
7649
7650
7652
7655
7657
7660
7661
7662
7663
7664
7666
7667
7668
7669
7670
7672
7674
7675
7676
7677
7678
7680
7682
7683
7684
7685
7686
7687
7688
7689
7690
7691
7692
7694
7695
7696
7697
7698
7701
7705
7706
7708
7710
7711
7712
7715
7716
7717
7718
7719
7720
7721
7722
7723
7724
7725
7726
7727
7728
7730
7731
7732
7734
7735
7737
7738
7739
7740
7741
7743
7745
7746
7747
7749
7750
7751
7753
7754
7755
7756
7757
7758
7760
7761
7765
7767
7768
7769
7771
7772
7773
7774
7776
7777
7778
7779
7781
7782
7783
7784
7786
7787
7789
7790
7791
7792
7794
7796
7800
7803
7805
7806
7807
7808
7809
7810
7811
7812
7813
7814
7815
7816
7817
7819
7820
7821
7822
7824
7830
7831
7833
7834
7837
7838
7839
7840
7841
7842
7843
7844
7845
7846
7847
7848
7850
7852
7853
7854
7858
7863
7864
7865
7867
7869
7870
7871
7873
7874
7875
7876
7878
7881
7883
7886
7887
7888
7889
7890
7892
7893
7894
7895
7896
7898
7900
7901
7902
7903
7904
7906
7908
7909
7910
7911
7912
7913
7914
7915
7916
7917
7918
7920
7921
7922
7923
7924
7927
7931
7932
7934
7936
7937
7938
7941
7942
7943
7944
7945
7946
7947
7948
7949
7950
7951
7952
7953
7954
7956
7957
7958
7960
7961
7963
7964
7965
7966
7967
7969
7971
7972
7973
7975
7976
7977
7979
7980
7981
7982
7983
7984
7986
7987
7991
7993
7994
7995
7997
7998
7999
8000
8002
8003
8004
8005
8007
8008
8009
8010
8012
8013
8015
8016
8017
8018
8020
8022
8026
8029
8031
8032
8033
8034
8035
8036
8037
8038
8039
8040
8041
8042
8043
8045
8046
8047
8048
8050
8056
8057
8059
8060
8063
8064
8065
8066
8067
8068
8069
8070
8071
8072
8073
8074
8076
8078
8079
8080
8084
8089
8090
8091
8093
8095
8096
8097
8099
8100
8101
8102
8104
8107
8109
8112
8113
8114
8115
8116
8118
8119
8120
8121
8122
8124
8126
8127
8128
8129
8130
8132
8134
8135
8136
8137
8138
8139
8140
8141
8142
8143
8144
8146
8147
8148
8149
8150
8153
8157
8158
8160
8162
8163
8164
8167
8168
8169
8170
8171
8172
8173
8174
8175
8176
8177
8178
8179
8180
8182
8183
8184
8186
8187
8189
8190
8191
8192
8193
8195
8197
8198
8199
8201
8202
8203
8205
8206
8207
8208
8209
8210
8212
8213
8217
8219
8220
8221
8223
8224
8225
8226
8228
8229
8230
8231
8233
8234
8235
8236
8238
8239
8241
8242
8243
8244
8246
8248
8252
8255
8257
8258
8259
8260
8261
8262
8263
8264
8265
8266
8267
8268
8269
8271
8272
8273
8274
8276
8282
8283
8285
8286
8289
8290
8291
8292
8293
8294
8295
8296
8297
8298
8299
8300
8302
8304
8305
8306
8310
8315
8316
8317
8319
8321
8322
8323
8325
8326
8327
8328
8330
8333
8335
8338
8339
8340
8341
8342
8344
8345
8346
8347
8348
8350
8352
8353
8354
8355
8356
8358
8360
8361
8362
8363
8364
8365
8366
8367
8368
8369
8370
8372
8373
8374
8375
8376
8379
8383
8384
8386
8388
8389
8390
8393
8394
8395
8396
8397
8398
8399
8400
8401
8402
8403
8404
8405
8406
8408
8409
8410
8412
8413
8415
8416
8417
8418
8419
8421
8423
8424
8425
8427
8428
8429
8431
8432
8433
8434
8435
8436
8438
8439
8443
8445
8446
8447
8449
8450
8451
8452
8454
8455
8456
8457
8459
8460
8461
8462
8464
8465
8467
8468
8469
8470
8472
8474
8478
8481
8483
8484
8485
8486
8487
8488
8489
8490
8491
8492
8493
8494
8495
8497
8498
8499
8500
8502
8508
8509
8511
8512
8515
8516
8517
8518
8519
8520
8521
8522
8523
8524
8525
8526
8528
8530
8531
8532
8536
8541
8542
8543
8545
8547
8548
8549
8551
8552
8553
8554
8556
8559
8561
8564
8565
8566
8567
8568
8570
8571
8572
8573
8574
8576
8578
8579
8580
8581
8582
8584
8586
8587
8588
8589
8590
8591
8592
8593
8594
8595
8596
8598
8599
8600
8601
8602
8605
8609
8610
8612
8614
8615
8616
8619
8620
8621
8622
8623
8624
8625
8626
8627
8628
8629
8630
8631
8632
8634
8635
8636
8638
8639
8641
8642
8643
8644
8645
8647
8649
8650
8651
8653
8654
8655
8657
8658
8659
8660
8661
8662
8664
8665
8669
8671
8672
8673
8675
8676
8677
8678
8680
8681
8682
8683
8685
8686
8687
8688
8690
8691
8693
8694
8695
8696
8698
8700
8704
8707
8709
8710
8711
8712
8713
8714
8715
8716
8717
8718
8719
8720
8721
8723
8724
8725
8726
8728
8734
8735
8737
8738
8741
8742
8743
8744
8745
8746
8747
8748
8749
8750
8751
8752
8754
8756
8757
8758
8762
8767
8768
8769
8771
8773
8774
8775
8777
8778
8779
8780
8782
8785
8787
8790
8791
8792
8793
8794
8796
8797
8798
8799
8800
8802
8804
8805
8806
8807
8808
8810
8812
8813
8814
8815
8816
8817
8818
8819
8820
8821
8822
8824
8825
8826
8827
8828
8831
8835
8836
8838
8840
8841
8842
8845
8846
8847
8848
8849
8850
8851
8852
8853
8854
8855
8856
8857
8858
8860
8861
8862
8864
8865
8867
8868
8869
8870
8871
8873
8875
8876
8877
8879
8880
8881
8883
8884
8885
8886
8887
8888
8890
8891
8895
8897
8898
8899
8901
8902
8903
8904
8906
8907
8908
8909
8911
8912
8913
8914
8916
8917
8919
8920
8921
8922
8924
8926
8930
8933
8935
8936
8937
8938
8939
8940
8941
8942
8943
8944
8945
8946
8947
8949
8950
8951
8952
8954
8960
8961
8963
8964
8967
8968
8969
8970
8971
8972
8973
8974
8975
8976
8977
8978
8980
8982
8983
8984
8988
8993
8994
8995
8997
8999
9000
9001
9003
9004
9005
9006
9008
9011
9013
9016
9017
9018
9019
9020
9022
9023
9024
9025
9026
9028
9030
9031
9032
9033
9034
9036
9038
9039
9040
9041
9042
9043
9044
9045
9046
9047
9048
9050
9051
9052
9053
9054
9057
9061
9062
9064
9066
9067
9068
9071
9072
9073
9074
9075
9076
9077
9078
9079
9080
9081
9082
9083
9084
9086
9087
9088
9090
9091
9093
9094
9095
9096
9097
9099
9101
9102
9103
9105
9106
9107
9109
9110
9111
9112
9113
9114
9116
9117
9121
9123
9124
9125
9127
9128
9129
9130
9132
9133
9134
9135
9137
9138
9139
9140
9142
9143
9145
9146
9147
9148
9150
9152
9156
9159
9161
9162
9163
9164
9165
9166
9167
9168
9169
9170
9171
9172
9173
9175
9176
9177
9178
9180
9186
9187
9189
9190
9193
9194
9195
9196
9197
9198
9199
9200
9201
9202
9203
9204
9206
9208
9209
9210
9214
9219
9220
9221
9223
9225
9226
9227
9229
9230
9231
9232
9234
9237
9239
9242
9243
9244
9245
9246
9248
9249
9250
9251
9252
9254
9256
9257
9258
9259
9260
9262
9264
9265
9266
9267
9268
9269
9270
9271
9272
9273
9274
9276
9277
9278
9279
9280
9283
9287
9288
9290
9292
9293
9294
9297
9298
9299
9300
9301
9302
9303
9304
9305
9306
9307
9308
9309
9310
9312
9313
9314
9316
9317
9319
9320
9321
9322
9323
9325
9327
9328
9329
9331
9332
9333
9335
9336
9337
9338
9339
9340
9342
9343
9347
9349
9350
9351
9353
9354
9355
9356
9358
9359
9360
9361
9363
9364
9365
9366
9368
9369
9371
9372
9373
9374
9376
9378
9382
9385
9387
9388
9389
9390
9391
9392
9393
9394
9395
9396
9397
9398
9399
9401
9402
9403
9404
9406
9412
9413
9415
9416
9419
9420
9421
9422
9423
9424
9425
9426
9427
9428
9429
9430
9432
9434
9435
9436
9440
9445
9446
9447
9449
9451
9452
9453
9455
9456
9457
9458
9460
9463
9465
9468
9469
9470
9471
9472
9474
9475
9476
9477
9478
9480
9482
9483
9484
9485
9486
9488
9490
9491
9492
9493
9494
9495
9496
9497
9498
9499
9500
9502
9503
9504
9505
9506
9509
9513
9514
9516
9518
9519
9520
9523
9524
9525
9526
9527
9528
9529
9530
9531
9532
9533
9534
9535
9536
9538
9539
9540
9542
9543
9545
9546
9547
9548
9549
9551
9553
9554
9555
9557
9558
9559
9561
9562
9563
9564
9565
9566
9568
9569
9573
9575
9576
9577
9579
9580
9581
9582
9584
9585
9586
9587
9589
9590
9591
9592
9594
9595
9597
9598
9599
9600
9602
9604
9608
9611
9613
9614
9615
9616
9617
9618
9619
9620
9621
9622
9623
9624
9625
9627
9628
9629
9630
9632
9638
9639
9641
9642
9645
9646
9647
9648
9649
9650
9651
9652
9653
9654
9655
9656
9658
9660
9661
9662
9666
9671
9672
9673
9675
9677
9678
9679
9681
9682
9683
9684
9686
9689
9691
9694
9695
9696
9697
9698
9700
9701
9702
9703
9704
9706
9708
9709
9710
9711
9712
9714
9716
9717
9718
9719
9720
9721
9722
9723
9724
9725
9726
9728
9729
9730
9731
9732
9735
9739
9740
9742
9744
9745
9746
9749
9750
9751
9752
9753
9754
9755
9756
9757
9758
9759
9760
9761
9762
9764
9765
9766
9768
9769
9771
9772
9773
9774
9775
9777
9779
9780
9781
9783
9784
9785
9787
9788
9789
9790
9791
9792
9794
9795
9799
9801
9802
9803
9805
9806
9807
9808
9810
9811
9812
9813
9815
9816
9817
9818
9820
9821
9823
9824
9825
9826
9828
9830
9834
9837
9839
9840
9841
9842
9843
9844
9845
9846
9847
9848
9849
9850
9851
9853
9854
9855
9856
9858
9864
9865
9867
9868
9871
9872
9873
9874
9875
9876
9877
9878
9879
9880
9881
9882
9884
9886
9887
9888
9892
9897
9898
9899
9901
9903
9904
9905
9907
9908
9909
9910
9912
9915
9917
9920
9921
9922
9923
9924
9926
9927
9928
9929
9930
9932
9934
9935
9936
9937
9938
9940
9942
9943
9944
9945
9946
9947
9948
9949
9950
9951
9952
9954
9955
9956
9957
9958
9961
9965
9966
9968
9970
9971
9972
9975
9976
9977
9978
9979
9980
9981
9982
9983
9984
9985
9986
9987
9988
9990
9991
9992
9994
9995
9997
9998
9999
10000
10001
10003
10005
10006
10007
10009
10010
10011
10013
10014
10015
10016
10017
10018
10020
10021
10025
10027
10028
10029
10031
10032
10033
10034
10036
10037
10038
10039
10041
10042
10043
10044
10046
10047
10049
10050
10051
10052
10054
10056
10060
10063
10065
10066
10067
10068
10069
10070
10071
10072
10073
10074
10075
10076
10077
10079
10080
10081
10082
10084
10090
10091
10093
10094
10097
10098
10099
10100
10101
10102
10103
10104
10105
10106
10107
10108
10110
10112
10113
10114
10118
10123
10124
10125
10127
10129
10130
10131
10133
10134
10135
10136
10138
10141
10143
10146
10147
10148
10149
10150
10152
10153
10154
10155
10156
10158
10160
10161
10162
10163
10164
10166
10168
10169
10170
10171
10172
10173
10174
10175
10176
10177
10178
10180
10181
10182
10183
10184
10187
10191
10192
10194
10196
10197
10198
10201
10202
10203
10204
10205
10206
10207
10208
10209
10210
10211
10212
10213
10214
10216
10217
10218
10220
10221
10223
10224
10225
10226
10227
10229
10231
10232
10233
10235
10236
10237
10239
10240
10241
10242
10243
10244
10246
10247
10251
10253
10254
10255
10257
10258
10259
10260
10262
10263
10264
10265
10267
10268
10269
10270
10272
10273
10275
10276
10277
10278
10280
10282
10286
10289
10291
10292
10293
10294
10295
10296
10297
10298
10299
10300
10301
10302
10303
10305
10306
10307
10308
10310
10316
10317
10319
10320
10323
10324
10325
10326
10327
10328
10329
10330
10331
10332
10333
10334
10336
10338
10339
10340
10344
10349
10350
10351
10353
10355
10356
10357
10359
10360
10361
10362
10364
10367
10369
10372
10373
10374
10375
10376
10378
10379
10380
10381
10382
10384
10386
10387
10388
10389
10390
10392
10394
10395
10396
10397
10398
10399
10400
10401
10402
10403
10404
10406
10407
10408
10409
10410
10413
10417
10418
10420
10422
10423
10424
10427
10428
10429
10430
10431
10432
10433
10434
10435
10436
10437
10438
10439
10440
10442
10443
10444
10446
10447
10449
10450
10451
10452
10453
10455
10457
10458
10459
10461
10462
10463
10465
10466
10467
10468
10469
10470
10472
10473
10477
10479
10480
10481
10483
10484
10485
10486
10488
10489
10490
10491
10493
10494
10495
10496
10498
10499
10501
10502
10503
10504
10506
10508
10512
10515
10517
10518
10519
10520
10521
10522
10523
10524
10525
10526
10527
10528
10529
10531
10532
10533
10534
10536
10542
10543
10545
10546
10549
10550
10551
10552
10553
10554
10555
10556
10557
10558
10559
10560
10562
10564
10565
10566
10570
10575
10576
10577
10579
10581
10582
10583
10585
10586
10587
10588
10590
10593
10595
10598
10599
10600
10601
10602
10604
10605
10606
10607
10608
10610
10612
10613
10614
10615
10616
10618
10620
10621
10622
10623
10624
10625
10626
10627
10628
10629
10630
10632
10633
10634
10635
10636
10639
10643
10644
10646
10648
10649
10650
10653
10654
10655
10656
10657
10658
10659
10660
10661
10662
10663
10664
10665
10666
10668
10669
10670
10672
10673
10675
10676
10677
10678
10679
10681
10683
10684
10685
10687
10688
10689
10691
10692
10693
10694
10695
10696
10698
10699
10703
10705
10706
10707
10709
10710
10711
10712
10714
10715
10716
10717
10719
10720
10721
10722
10724
10725
10727
10728
10729
10730
10732
10734
10738
10741
10743
10744
10745
10746
10747
10748
10749
10750
10751
10752
10753
10754
10755
10757
10758
10759
10760
10762
10768
10769
10771
10772
10775
10776
10777
10778
10779
10780
10781
10782
10783
10784
10785
10786
10788
10790
10791
10792
10796
10801
10802
10803
10805
10807
10808
10809
10811
10812
10813
10814
10816
10819
10821
10824
10825
10826
10827
10828
10830
10831
10832
10833
10834
10836
10838
10839
10840
10841
10842
10844
10846
10847
10848
10849
10850
10851
10852
10853
10854
10855
10856
10858
10859
10860
10861
10862
10865
10869
10870
10872
10874
10875
10876
10879
10880
10881
10882
10883
10884
10885
10886
10887
10888
10889
10890
10891
10892
10894
10895
10896
10898
10899
10901
10902
10903
10904
10905
10907
10909
10910
10911
10913
10914
10915
10917
10918
10919
10920
10921
10922
10924
10925
10929
10931
10932
10933
10935
10936
10937
10938
10940
10941
10942
10943
10945
10946
10947
10948
10950
10951
10953
10954
10955
10956
10958
10960
10964
10967
10969
10970
10971
10972
10973
10974
10975
10976
10977
10978
10979
10980
10981
10983
10984
10985
10986
10988
10994
10995
10997
10998
11001
11002
11003
11004
11005
11006
11007
11008
11009
11010
11011
11012
11014
11016
11017
11018
11022
11027
11028
11029
11031
11033
11034
11035
11037
11038
11039
11040
11042
11045
11047
11050
11051
11052
11053
11054
11056
11057
11058
11059
11060
11062
11064
11065
11066
11067
11068
11070
11072
11073
11074
11075
11076
11077
11078
11079
11080
11081
11082
11084
11085
11086
11087
11088
11091
11095
11096
11098
11100
11101
11102
11105
11106
11107
11108
11109
11110
11111
11112
11113
11114
11115
11116
11117
11118
11120
11121
11122
11124
11125
11127
11128
11129
11130
11131
11133
11135
11136
11137
11139
11140
11141
11143
11144
11145
11146
11147
11148
11150
11151
11155
11157
11158
11159
11161
11162
11163
11164
11166
11167
11168
11169
11171
11172
11173
11174
11176
11177
11179
11180
11181
11182
11184
11186
11190
11193
11195
11196
11197
11198
11199
11200
11201
11202
11203
11204
11205
11206
11207
11209
11210
11211
11212
11214
11220
11221
11223
11224
11227
11228
11229
11230
11231
11232
11233
11234
11235
11236
11237
11238
11240
11242
11243
11244
11248
11253
11254
11255
11257
11259
11260
11261
11263
11264
11265
11266
11268
11271
11273
11276
11277
11278
11279
11280
11282
11283
11284
11285
11286
11288
11290
11291
11292
11293
11294
11296
11298
11299
11300
11301
11302
11303
11304
11305
11306
11307
11308
11310
11311
11312
11313
11314
11317
11321
11322
11324
11326
11327
11328
11331
11332
11333
11334
11335
11336
11337
11338
11339
11340
11341
11342
11343
11344
11346
11347
11348
11350
11351
11353
11354
11355
11356
11357
11359
11361
11362
11363
11365
11366
11367
11369
11370
11371
11372
11373
11374
11376
11377
11381
11383
11384
11385
11387
11388
11389
11390
11392
11393
11394
11395
11397
11398
11399
11400
11402
11403
11405
11406
11407
11408
11410
11412
11416
11419
11421
11422
11423
11424
11425
11426
11427
11428
11429
11430
11431
11432
11433
11435
11436
11437
11438
11440
11446
11447
11449
11450
11453
11454
11455
11456
11457
11458
11459
11460
11461
11462
11463
11464
11466
11468
11469
11470
11474
11479
11480
11481
11483
11485
11486
11487
11489
11490
11491
11492
11494
11497
11499
11502
11503
11504
11505
11506
11508
11509
11510
11511
11512
11514
11516
11517
11518
11519
11520
11522
11524
11525
11526
11527
11528
11529
11530
11531
11532
11533
11534
11536
11537
11538
11539
11540
11543
11547
11548
11550
11552
11553
11554
11557
11558
11559
11560
11561
11562
11563
11564
11565
11566
11567
11568
11569
11570
11572
11573
11574
11576
11577
11579
11580
11581
11582
11583
11585
11587
11588
11589
11591
11592
11593
11595
11596
11597
11598
11599
11600
11602
11603
11607
11609
11610
11611
11613
11614
11615
11616
11618
11619
11620
11621
11623
11624
11625
11626
11628
11629
11631
11632
11633
11634
11636
11638
11642
11645
11647
11648
11649
11650
11651
11652
11653
11654
11655
11656
11657
11658
11659
11661
11662
11663
11664
11666
11672
11673
11675
11676
11679
11680
11681
11682
11683
11684
11685
11686
11687
11688
11689
11690
11692
11694
11695
11696
11700
11705
11706
11707
11709
11711
11712
11713
11715
11716
11717
11718
11720
11723
11725
11728
11729
11730
11731
11732
11734
11735
11736
11737
11738
11740
11742
11743
11744
11745
11746
11748
11750
11751
11752
11753
11754
11755
11756
11757
11758
11759
11760
11762
11763
11764
11765
11766
11769
11773
11774
11776
11778
11779
11780
11783
11784
11785
11786
11787
11788
11789
11790
11791
11792
11793
11794
11795
11796
11798
11799
11800
11802
11803
11805
11806
11807
11808
11809
11811
11813
11814
11815
11817
11818
11819
11821
11822
11823
11824
11825
11826
11828
11829
11833
11835
11836
11837
11839
11840
11841
11842
11844
11845
11846
11847
11849
11850
11851
11852
11854
11855
11857
11858
11859
11860
11862
11864
11868
11871
11873
11874
11875
11876
11877
11878
11879
11880
11881
11882
11883
11884
11885
11887
11888
11889
11890
11892
11898
11899
11901
11902
11905
11906
11907
11908
11909
11910
11911
11912
11913
11914
11915
11916
11918
11920
11921
11922
11926
11931
11932
11933
11935
11937
11938
11939
11941
11942
11943
11944
11946
11949
11951
11954
11955
11956
11957
11958
11960
11961
11962
11963
11964
11966
11968
11969
11970
11971
11972
11974
11976
11977
11978
11979
11980
11981
11982
11983
11984
11985
11986
11988
11989
11990
11991
11992
11995
11999
12000
12002
12004
12005
12006
12009
12010
12011
12012
12013
12014
12015
12016
12017
12018
12019
12020
12021
12022
12024
12025
12026
12028
12029
12031
12032
12033
12034
12035
12037
12039
12040
12041
12043
12044
12045
12047
12048
12049
12050
12051
12052
12054
12055
12059
12061
12062
12063
12065
12066
12067
12068
12070
12071
12072
12073
12075
12076
12077
12078
12080
12081
12083
12084
12085
12086
12088
12090
12094
12097
12099
12100
12101
12102
12103
12104
12105
12106
12107
12108
12109
12110
12111
12113
12114
12115
12116
12118
12124
12125
12127
12128
12131
12132
12133
12134
12135
12136
12137
12138
12139
12140
12141
12142
12144
12146
12147
12148
12152
12157
12158
12159
12161
12163
12164
12165
12167
12168
12169
12170
12172
12175
12177
12180
12181
12182
12183
12184
12186
12187
12188
12189
12190
12192
12194
12195
12196
12197
12198
12200
12202
12203
12204
12205
12206
12207
12208
12209
12210
12211
12212
12214
12215
12216
12217
12218
12221
12225
12226
12228
12230
12231
12232
12235
12236
12237
12238
12239
12240
12241
12242
12243
12244
12245
12246
12247
12248
12250
12251
12252
12254
12255
12257
12258
12259
12260
12261
12263
12265
12266
12267
12269
12270
12271
12273
12274
12275
12276
12277
12278
12280
12281
12285
12287
12288
12289
12291
12292
12293
12294
12296
12297
12298
12299
12301
12302
12303
12304
12306
12307
12309
12310
12311
12312
12314
12316
12320
12323
12325
12326
12327
12328
12329
12330
12331
12332
12333
12334
12335
12336
12337
12339
12340
12341
12342
12344
12350
12351
12353
12354
12357
12358
12359
12360
12361
12362
12363
12364
12365
12366
12367
12368
12370
12372
12373
12374
12378
12383
12384
12385
12387
12389
12390
12391
12393
12394
12395
12396
12398
12401
12403
12406
12407
12408
12409
12410
12412
12413
12414
12415
12416
12418
12420
12421
12422
12423
12424
12426
12428
12429
12430
12431
12432
12433
12434
12435
12436
12437
12438
12440
12441
12442
12443
12444
12447
12451
12452
12454
12456
12457
12458
12461
12462
12463
12464
12465
12466
12467
12468
12469
12470
12471
12472
12473
12474
12476
12477
12478
12480
12481
12483
12484
12485
12486
12487
12489
12491
12492
12493
12495
12496
12497
12499
12500
12501
12502
12503
12504
12506
12507
12511
12513
12514
12515
12517
12518
12519
12520
12522
12523
12524
12525
12527
12528
12529
12530
12532
12533
12535
12536
12537
12538
12540
12542
12546
12549
12551
12552
12553
12554
12555
12556
12557
12558
12559
12560
12561
12562
12563
12565
12566
12567
12568
12570
12576
12577
12579
12580
12583
12584
12585
12586
12587
12588
12589
12590
12591
12592
12593
12594
12596
12598
12599
12600
12604
12609
12610
12611
12613
12615
12616
12617
12619
12620
12621
12622
12624
12627
12629
12632
12633
12634
12635
12636
12638
12639
12640
12641
12642
12644
12646
12647
12648
12649
12650
12652
12654
12655
12656
12657
12658
12659
12660
12661
12662
12663
12664
12666
12667
12668
12669
12670
12673
12677
12678
12680
12682
12683
12684
12687
12688
12689
12690
12691
12692
12693
12694
12695
12696
12697
12698
12699
12700
12702
12703
12704
12706
12707
12709
12710
12711
12712
12713
12715
12717
12718
12719
12721
12722
12723
12725
12726
12727
12728
12729
12730
12732
12733
12737
12739
12740
12741
12743
12744
12745
12746
12748
12749
12750
12751
12753
12754
12755
12756
12758
12759
12761
12762
12763
12764
12766
12768
12772
12775
12777
12778
12779
12780
12781
12782
12783
12784
12785
12786
12787
12788
12789
12791
12792
12793
12794
12796
12802
12803
12805
12806
12809
12810
12811
12812
12813
12814
12815
12816
12817
12818
12819
12820
12822
12824
12825
12826
12830
12835
12836
12837
12839
12841
12842
12843
12845
12846
12847
12848
12850
12853
12855
12858
12859
12860
12861
12862
12864
12865
12866
12867
12868
12870
12872
12873
12874
12875
12876
12878
12880
12881
12882
12883
12884
12885
12886
12887
12888
12889
12890
12892
12893
12894
12895
12896
12899
12903
12904
12906
12908
12909
12910
12913
12914
12915
12916
12917
12918
12919
12920
12921
12922
12923
12924
12925
12926
12928
12929
12930
12932
12933
12935
12936
12937
12938
12939
12941
12943
12944
12945
12947
12948
12949
12951
12952
12953
12954
12955
12956
12958
12959
12963
12965
12966
12967
12969
12970
12971
12972
12974
12975
12976
12977
12979
12980
12981
12982
12984
12985
12987
12988
12989
12990
12992
12994
12998
13001
13003
13004
13005
13006
13007
13008
13009
13010
13011
13012
13013
13014
13015
13017
13018
13019
13020
13022
13028
13029
13031
13032
13035
13036
13037
13038
13039
13040
13041
13042
13043
13044
13045
13046
13048
13050
13051
13052
13056
13061
13062
13063
13065
13067
13068
13069
13071
13072
13073
13074
13076
13079
13081
13084
13085
13086
13087
13088
13090
13091
13092
13093
13094
13096
13098
13099
13100
13101
13102
13104
13106
13107
13108
13109
13110
13111
13112
13113
13114
13115
13116
13118
13119
13120
13121
13122
13125
13129
13130
13132
13134
13135
13136
13139
13140
13141
13142
13143
13144
13145
13146
13147
13148
13149
13150
13151
13152
13154
13155
13156
13158
13159
13161
13162
13163
13164
13165
13167
13169
13170
13171
13173
13174
13175
13177
13178
13179
13180
13181
13182
13184
13185
13189
13191
13192
13193
13195
13196
13197
13198
13200
13201
13202
13203
13205
13206
13207
13208
13210
13211
13213
13214
13215
13216
13218
13220
13224
13227
13229
13230
13231
13232
13233
13234
13235
13236
13237
13238
13239
13240
13241
13243
13244
13245
13246
13248
13254
13255
13257
13258
13261
13262
13263
13264
13265
13266
13267
13268
13269
13270
13271
13272
13274
13276
13277
13278
13282
13287
13288
13289
13291
13293
13294
13295
13297
13298
13299
13300
13302
13305
13307
13310
13311
13312
13313
13314
13316
13317
13318
13319
13320
13322
13324
13325
13326
13327
13328
13330
13332
13333
13334
13335
13336
13337
13338
13339
13340
13341
13342
13344
13345
13346
13347
13348
13351
13355
13356
13358
13360
13361
13362
13365
13366
13367
13368
13369
13370
13371
13372
13373
13374
13375
13376
13377
13378
13380
13381
13382
13384
13385
13387
13388
13389
13390
13391
13393
13395
13396
13397
13399
13400
13401
13403
13404
13405
13406
13407
13408
13410
13411
13415
13417
13418
13419
13421
13422
13423
13424
13426
13427
13428
13429
13431
13432
13433
13434
13436
13437
13439
13440
13441
13442
13444
13446
13450
13453
13455
13456
13457
13458
13459
13460
13461
13462
13463
13464
13465
13466
13467
13469
13470
13471
13472
13474
13480
13481
13483
13484
13487
13488
13489
13490
13491
13492
13493
13494
13495
13496
13497
13498
13500
13502
13503
13504
13508
13513
13514
13515
13517
13519
13520
13521
13523
13524
13525
13526
13528
13531
13533
13536
13537
13538
13539
13540
13542
13543
13544
13545
13546
13548
13550
13551
13552
13553
13554
13556
13558
13559
13560
13561
13562
13563
13564
13565
13566
13567
13568
13570
13571
13572
13573
13574
13577
13581
13582
13584
13586
13587
13588
13591
13592
13593
13594
13595
13596
13597
13598
13599
13600
13601
13602
13603
13604
13606
13607
13608
13610
13611
13613
13614
13615
13616
13617
13619
13621
13622
13623
13625
13626
13627
13629
13630
13631
13632
13633
13634
13636
13637
13641
13643
13644
13645
13647
13648
13649
13650
13652
13653
13654
13655
13657
13658
13659
13660
13662
13663
13665
13666
13667
13668
13670
13672
13676
13679
13681
13682
13683
13684
13685
13686
13687
13688
13689
13690
13691
13692
13693
13695
13696
13697
13698
13700
13706
13707
13709
13710
13713
13714
13715
13716
13717
13718
13719
13720
13721
13722
13723
13724
13726
13728
13729
13730
13734
13739
13740
13741
13743
13745
13746
13747
13749
13750
13751
13752
13754
13757
13759
13762
13763
13764
13765
13766
13768
13769
13770
13771
13772
13774
13776
13777
13778
13779
13780
13782
13784
13785
13786
13787
13788
13789
13790
13791
13792
13793
13794
13796
13797
13798
13799
13800
13803
13807
13808
13810
13812
13813
13814
13817
13818
13819
13820
13821
13822
13823
13824
13825
13826
13827
13828
13829
13830
13832
13833
13834
13836
13837
13839
13840
13841
13842
13843
13845
13847
13848
13849
13851
13852
13853
13855
13856
13857
13858
13859
13860
13862
13863
13867
13869
13870
13871
13873
13874
13875
13876
13878
13879
13880
13881
13883
13884
13885
13886
13888
13889
13891
13892
13893
13894
13896
13898
13902
13905
13907
13908
13909
13910
13911
13912
13913
13914
13915
13916
13917
13918
13919
13921
13922
13923
13924
13926
13932
13933
13935
13936
13939
13940
13941
13942
13943
13944
13945
13946
13947
13948
13949
13950
13952
13954
13955
13956
13960
13965
13966
13967
13969
13971
13972
13973
13975
13976
13977
13978
13980
13983
13985
13988
13989
13990
13991
13992
13994
13995
13996
13997
13998
14000
14002
14003
14004
14005
14006
14008
14010
14011
14012
14013
14014
14015
14016
14017
14018
14019
14020
14022
14023
14024
14025
14026
14029
14033
14034
14036
14038
14039
14040
14043
14044
14045
14046
14047
14048
14049
14050
14051
14052
14053
14054
14055
14056
14058
14059
14060
14062
14063
14065
14066
14067
14068
14069
14071
14073
14074
14075
14077
14078
14079
14081
14082
14083
14084
14085
14086
14088
14089
14093
14095
14096
14097
14099
14100
14101
14102
14104
14105
14106
14107
14109
14110
14111
14112
14114
14115
14117
14118
14119
14120
14122
14124
14128
14131
14133
14134
14135
14136
14137
14138
14139
14140
14141
14142
14143
14144
14145
14147
14148
14149
14150
14152
14158
14159
14161
14162
14165
14166
14167
14168
14169
14170
14171
14172
14173
14174
14175
14176
14178
14180
14181
14182
14186
14191
14192
14193
14195
14197
14198
14199
14201
14202
14203
14204
14206
14209
14211
14214
14215
14216
14217
14218
14220
14221
14222
14223
14224
14226
14228
14229
14230
14231
14232
14234
14236
14237
14238
14239
14240
14241
14242
14243
14244
14245
14246
14248
14249
14250
14251
14252
14255
14259
14260
14262
14264
14265
14266
14269
14270
14271
14272
14273
14274
14275
14276
14277
14278
14279
14280
14281
14282
14284
14285
14286
14288
14289
14291
14292
14293
14294
14295
14297
14299
14300
14301
14303
14304
14305
14307
14308
14309
14310
14311
14312
14314
14315
14319
14321
14322
14323
14325
14326
14327
14328
14330
14331
14332
14333
14335
14336
14337
14338
14340
14341
14343
14344
14345
14346
14348
14350
14354
14357
14359
14360
14361
14362
14363
14364
14365
14366
14367
14368
14369
14370
14371
14373
14374
14375
14376
14378
14384
14385
14387
14388
14391
14392
14393
14394
14395
14396
14397
14398
14399
14400
14401
14402
14404
14406
14407
14408
14412
14417
14418
14419
14421
14423
14424
14425
14427
14428
14429
14430
14432
14435
14437
14440
14441
14442
14443
14444
14446
14447
14448
14449
14450
14452
14454
14455
14456
14457
14458
14460
14462
14463
