226
227
228
229
230
231
232
233
236
237
238
240
245
246
248
250
252
253
255
257
258
259
260
261
262
264
266
267
268
270
272
273
274
275
276
277
278
279
281
282
284
285
287
288
289
290
291
292
293
295
296
297
298
299
300
302
303
304
306
307
309
310
311
313
314
316
317
318
320
321
323
324
325
326
328
331
332
333
336
339
341
342
347
349
351
352
355
356
357
359
360
361
362
363
364
365
371
372
373
375
376
377
379
380
381
382
383
385
386
387
388
389
390
392
394
395
396
397
399
400
403
405
406
407
411
412
413
414
415
416
417
418
420
422
423
425
428
429
430
431
432
434
437
438
440
442
443
444
445
446
448
450
451
452
453
454
455
457
458
459
460
462
463
464
465
466
469
471
472
473
474
475
476
478
479
480
481
483
484
485
486
487
490
491
492
493
494
495
496
498
501
502
503
504
505
506
507
508
509
510
513
514
515
516
517
519
521
522
523
524
526
528
530
532
533
535
536
537
539
540
541
542
543
544
545
546
547
549
551
554
555
557
558
559
560
561
562
564
565
567
568
571
573
574
575
576
577
579
580
581
582
583
585
586
587
588
589
590
591
592
597
598
599
602
603
605
606
607
608
609
610
611
612
614
615
620
622
623
625
626
629
631
632
633
637
638
641
642
643
644
646
648
649
651
654
655
656
658
660
661
662
663
664
668
669
670
671
672
674
677
678
679
680
681
682
683
684
685
686
688
689
690
691
692
695
697
698
699
700
701
702
704
705
707
709
710
711
712
713
714
715
716
717
718
719
720
721
722
724
725
726
727
728
729
730
731
732
733
734
735
736
737
739
741
742
743
744
745
747
748
749
750
751
752
754
756
758
759
761
762
763
765
766
767
768
769
770
771
772
773
775
776
778
780
781
783
784
786
787
788
791
793
794
799
800
801
803
804
805
806
807
808
809
810
812
813
814
815
816
817
818
823
825
827
828
831
832
833
834
835
836
837
838
840
841
842
846
847
848
849
851
852
855
857
859
863
864
865
866
867
868
870
872
874
875
877
880
881
882
883
884
886
887
888
889
890
892
894
895
896
898
900
902
903
905
906
907
908
909
910
912
914
915
917
918
921
923
924
925
926
927
930
931
932
935
936
937
938
939
940
941
942
943
944
945
946
947
948
951
952
953
955
956
957
958
959
961
962
963
965
966
967
968
969
970
971
973
974
975
976
977
978
980
981
982
984
985
987
988
989
991
992
993
995
996
1001
1002
1003
1004
1006
1007
1009
1010
1011
1012
1013
1016
1017
1019
1020
1023
1025
1026
1027
1028
1030
1031
1032
1033
1034
1036
1037
1038
1039
1040
1041
1042
1043
1044
1049
1050
1051
1053
1054
1057
1058
1059
1060
1061
1062
1063
1065
1066
1067
1068
1070
1073
1074
1075
1077
1078
1081
1083
1084
1085
1087
1089
1090
1091
1092
1093
1094
1095
1098
1100
1101
1103
1106
1107
1108
1110
1112
1114
1115
1116
1118
1120
1121
1123
1124
1126
1128
1129
1356
1357
1358
1359
1360
1361
1363
1364
1367
1368
1370
1373
1375
1376
1377
1378
1380
1382
1383
1385
1387
1388
1389
1390
1391
1392
1393
1394
1395
1397
1398
1400
1406
1407
1408
1409
1410
1411
1412
1414
1415
1417
1418
1419
1420
1421
1423
1425
1426
1427
1428
1429
1432
1433
1434
1436
1437
1439
1440
1441
1443
1444
1445
1446
1447
1448
1449
1450
1451
1453
1454
1455
1456
1459
1461
1462
1463
1464
1465
1466
1468
1469
1471
1472
1475
1477
1478
1479
1480
1482
1483
1484
1485
1486
1487
1488
1489
1490
1491
1492
1493
1494
1495
1496
1501
1502
1503
1505
1506
1507
1509
1510
1511
1512
1513
1514
1516
1517
1518
1519
1520
1522
1524
1525
1526
1529
1530
1533
1535
1536
1537
1539
1541
1542
1543
1544
1545
1547
1548
1550
1552
1553
1555
1558
1559
1560
1561
1562
1564
1565
1566
1567
1568
1570
1572
1573
1574
1575
1576
1578
1580
1581
1582
1583
1584
1586
1587
1588
1589
1590
1593
1594
1595
1596
1599
1601
1603
1604
1605
1606
1608
1610
1611
1613
1614
1616
1617
1618
1619
1620
1621
1622
1624
1625
1626
1628
1629
1630
1631
1632
1633
1634
1635
1636
1637
1638
1639
1640
1641
1643
1644
1646
1647
1648
1649
1652
1654
1655
1658
1659
1660
1662
1663
1665
1666
1667
1669
1670
1671
1672
1673
1674
1675
1676
1677
1679
1680
1681
1682
1684
1685
1688
1689
1690
1691
1692
1694
1695
1698
1701
1703
1704
1705
1706
1707
1709
1710
1711
1712
1713
1714
1715
1717
1719
1721
1722
1727
1728
1729
1731
1732
1733
1735
1736
1737
1739
1740
1741
1743
1744
1745
1746
1748
1750
1751
1753
1755
1756
1759
1761
1763
1765
1770
1771
1772
1773
1774
1776
1778
1779
1781
1784
1786
1787
1790
1791
1792
1793
1796
1799
1800
1801
1802
1804
1807
1808
1810
1811
1813
1814
1815
1816
1819
1820
1821
1822
1825
1827
1828
1829
1830
1831
1832
1834
1835
1836
1837
1841
1842
1843
1844
1845
1846
1847
1848
1849
1850
1852
1854
1855
1857
1858
1859
1860
1861
1862
1863
1864
1865
1866
1867
1869
1870
1871
1873
1877
1879
1881
1882
1884
1886
1888
1891
1892
1893
1895
1896
1898
1899
1900
1901
1902
1903
1905
1906
1907
1908
1910
1911
1914
1915
1916
1917
1920
1921
1924
1927
1929
1930
1931
1932
1933
1934
1935
1936
1937
1939
1940
1941
1943
1944
1945
1946
1947
1948
1953
1954
1955
1957
1958
1959
1961
1962
1963
1964
1965
1966
1967
1968
1969
1970
1971
1972
1976
1977
1978
1979
1981
1982
1985
1987
1988
1989
1991
1993
1994
1995
1996
1997
1998
1999
2000
2002
2004
2005
2007
2010
2011
2012
2013
2014
2016
2017
2018
2019
2020
2022
2024
2025
2026
2027
2030
2032
2033
2260
2261
2262
2263
2264
2265
2266
2267
2268
2270
2272
2273
2274
2277
2279
2280
2281
2282
2283
2286
2287
2288
2289
2291
2292
2293
2295
2298
2299
2300
2301
2302
2303
2304
2306
2307
2308
2309
2310
2311
2312
2314
2316
2317
2319
2321
2322
2324
2325
2326
2327
2329
2331
2333
2334
2336
2337
2338
2340
2341
2343
2345
2347
2348
2349
2350
2351
2352
2353
2354
2357
2358
2359
2360
2362
2363
2365
2366
2367
2368
2369
2370
2372
2373
2375
2376
2379
2381
2382
2384
2385
2388
2389
2390
2391
2392
2393
2394
2395
2396
2398
2399
2400
2405
2406
2407
2409
2410
2411
2414
2415
2416
2417
2418
2419
2421
2422
2423
2424
2426
2429
2430
2431
2433
2434
2437
2440
2441
2443
2446
2447
2448
2449
2450
2451
2452
2454
2457
2459
2464
2465
2466
2468
2469
2470
2471
2472
2474
2476
2477
2478
2479
2480
2482
2484
2485
2486
2487
2488
2489
2491
2492
2493
2494
2496
2497
2498
2499
2500
2503
2505
2506
2507
2508
2509
2510
2512
2513
2514
2517
2518
2519
2520
2521
2522
2524
2525
2526
2527
2528
2529
2530
2532
2533
2534
2535
2536
2537
2538
2539
2540
2542
2543
2544
2545
2548
2549
2550
2551
2552
2553
2555
2556
2557
2558
2562
2563
2564
2566
2567
2569
2570
2571
2573
2574
2575
2576
2577
2579
2580
2581
2583
2584
2585
2586
2588
2589
2591
2592
2593
2594
2595
2596
2599
2601
2602
2605
2607
2608
2610
2611
2612
2613
2614
2615
2619
2621
2622
2623
2624
2625
2626
2631
2635
2636
2637
2639
2641
2642
2643
2644
2645
2646
2647
2648
2649
2650
2652
2654
2655
2656
2657
2659
2660
2665
2667
2669
2671
2672
2673
2674
2675
2676
2677
2678
2682
2685
2688
2689
2690
2691
2692
2695
2697
2698
2700
2702
2703
2705
2706
2710
2711
2938
2939
2941
2942
2943
2944
2945
2946
2948
2949
2950
2951
2952
2955
2957
2958
2959
2960
2961
2962
2965
2966
2967
2969
2970
2971
2972
2973
2974
2975
2976
2978
2979
2981
2982
2984
2985
2986
2987
2989
2990
2991
2992
2993
2994
2995
2996
2997
2999
3000
3001
3002
3003
3004
3007
3008
3009
3010
3011
3012
3014
3015
3016
3018
3019
3021
3022
3023
3025
3026
3027
3028
3029
3030
3031
3032
3033
3035
3036
3037
3038
3040
3041
3044
3045
3046
3047
3048
3050
3051
3053
3054
3057
3059
3062
3063
3064
3065
3066
3068
3071
3072
3073
3074
3075
3076
3078
3083
3084
3085
3087
3088
3089
3091
3092
3093
3094
3095
3096
3097
3098
3099
3100
3102
3104
3106
3107
3109
3111
3112
3115
3118
3119
3121
3123
3125
3126
3128
3129
3130
3132
3134
3135
3141
3144
3146
3147
3148
3149
3150
3152
3154
3155
3156
3157
3158
3160
3162
3163
3164
3165
3166
3167
3168
3169
3170
3171
3172
3174
3175
3176
3177
3178
3181
3183
3184
3185
3186
3187
3188
3190
3192
3193
3195
3196
3197
3198
3199
3201
3202
3203
3204
3205
3206
3207
3208
3210
3211
3212
3213
3214
3215
3216
3217
3218
3219
3220
3221
3222
3225
3227
3228
3229
3230
3231
3233
3234
3235
3236
3237
3238
3240
3242
3244
3247
3248
3249
3251
3252
3253
3254
3256
3257
3258
3259
3261
3262
3263
3264
3267
3269
3270
3271
3272
3273
3274
3276
3277
3279
3280
3283
3285
3286
3287
3288
3289
3291
3292
3295
3296
3298
3299
3300
3301
3302
3304
3309
3310
3311
3313
3314
3315
3317
3318
3319
3320
3321
3323
3324
3325
3327
3328
3330
3332
3333
3334
3335
3337
3338
3341
3343
3344
3345
3347
3349
3350
3351
3353
3355
3356
3358
3360
3361
3363
3366
3367
3368
3369
3370
3372
3373
3374
3375
3376
3378
3380
3381
3382
3383
3384
3386
3388
3389
3390
3392
3393
3394
3395
3396
3397
3398
3400
3401
3402
3403
3404
3407
3410
3411
3412
3413
3414
3416
3417
3418
3419
3421
3422
3424
3425
3426
3428
3429
3431
3432
3433
3436
3437
3438
3439
3440
3441
3442
3443
3444
3445
3446
3447
3448
3449
3451
3452
3453
3454
3455
3456
3457
3459
3460
3461
3462
3463
3464
3466
3467
3468
3470
3471
3473
3474
3475
3477
3478
3480
3481
3482
3483
3485
3487
3489
3490
3492
3493
3495
3496
3497
3499
3500
3502
3503
3506
3509
3511
3512
3513
3515
3516
3517
3518
3519
3520
3521
3522
3523
3524
3525
3526
3528
3529
3535
3536
3537
3541
3543
3544
3545
3546
3547
3548
3549
3551
3552
3553
3554
3556
3558
3559
3561
3563
3564
3567
3569
3571
3573
3575
3576
3577
3578
3580
3581
3582
3587
3589
3592
3593
3594
3595
3596
3598
3599
3600
3601
3602
3604
3607
3608
3610
3612
3614
3615
3842
3843
3844
3845
3846
3847
3848
3849
3850
3852
3853
3855
3856
3859
3861
3862
3863
3864
3865
3866
3868
3869
3870
3871
3873
3874
3875
3876
3877
3878
3879
3880
3881
3882
3883
3884
3885
3888
3889
3891
3892
3893
3894
3895
3896
3897
3899
3900
3901
3904
3906
3907
3908
3912
3913
3914
3915
3916
3918
3919
3920
3922
3923
3925
3926
3930
3931
3933
3936
3939
3940
3941
3942
3944
3947
3948
3949
3950
3951
3952
3954
3955
3957
3958
3961
3963
3964
3965
3967
3968
3969
3970
3971
3972
3973
3974
3975
3976
3977
3979
3980
3981
3982
3987
3988
3989
3991
3992
3993
3995
3997
4001
4002
4003
4004
4005
4006
4010
4011
4012
4013
4015
4019
4021
4023
4025
4027
4028
4029
4030
4031
4032
4033
4034
4036
4038
4039
4041
4044
4045
4046
4048
4050
4051
4052
4053
4054
4056
4058
4059
4060
4061
4062
4064
4066
4067
4068
4070
4071
4072
4073
4074
4075
4076
4078
4079
4080
4081
4082
4085
4087
4088
4089
4090
4091
4092
4094
4096
4099
4100
4101
4102
4103
4104
4105
4106
4107
4108
4109
4111
4112
4114
4115
4116
4117
4118
4119
4120
4121
4122
4123
4124
4125
4127
4129
4131
4132
4133
4134
4135
4137
4138
4139
4140
4141
4142
4144
4146
4148
4149
4151
4152
4153
4155
4156
4157
4158
4159
4160
4161
4162
4163
4166
4167
4170
4173
4174
4175
4176
4177
4178
4180
4181
4183
4184
4187
4190
4192
4193
4194
4195
4196
4197
4198
4199
4201
4202
4203
4204
4205
4206
4208
4214
4215
4217
4218
4221
4222
4224
4226
4227
4228
4229
4230
4231
4232
4234
4237
4238
4239
4241
4242
4248
4249
4251
4253
4254
4255
4256
4257
4259
4260
4262
4264
4265
4267
4271
4272
4274
4276
4278
4280
4282
4284
4285
4286
4287
4288
4290
4292
4294
4295
4296
4297
4298
4299
4300
4301
4302
4304
4305
4306
4307
4308
4311
4313
4314
4315
4316
4317
4318
4320
4321
4322
4323
4325
4326
4327
4328
4329
4330
4331
4332
4333
4334
4336
4337
4338
4340
4342
4344
4345
4346
4347
4348
4350
4351
4352
4353
4355
4357
4358
4359
4360
4361
4363
4364
4365
4366
4367
4368
4370
4371
4374
4375
4377
4378
4379
4381
4383
4385
4386
4389
4391
4392
4393
4394
4396
4397
4399
4400
4401
4403
4404
4406
4407
4409
4410
4413
4415
4416
4417
4418
4419
4420
4421
4423
4424
4426
4427
4428
4429
4430
4433
4434
4439
4440
4441
4443
4444
4445
4447
4448
4449
4450
4452
4453
4454
4455
4456
4457
4458
4460
4462
4463
4464
4465
4467
4468
4471
4474
4475
4477
4479
4480
4481
4482
4484
4485
4486
4488
4490
4491
4493
4496
4497
4499
4500
4502
4503
4504
4505
4506
4510
4511
4512
4513
4514
4516
4518
4519
4521
4522
4523
4524
4525
4526
4527
4528
4530
4531
4533
4539
4540
4541
4542
4543
4544
4546
4547
4548
4549
4551
4552
4554
4555
4556
4557
4558
4559
4560
4561
4562
4563
4564
4568
4569
4570
4571
4572
4573
4575
4576
4577
4579
4581
4582
4583
4584
4585
4586
4587
4589
4590
4591
4592
4593
4594
4596
4597
4598
4600
4601
4603
4604
4605
4607
4608
4609
4610
4611
4612
4614
4615
4617
4618
4619
4620
4623
4625
4626
4627
4628
4629
4630
4632
4633
4636
4639
4641
4642
4643
4644
4645
4647
4648
4649
4650
4652
4653
4654
4655
4656
4657
4658
4659
4660
4666
4667
4669
4670
4671
4673
4674
4675
4676
4677
4678
4679
4680
4681
4682
4683
4684
4686
4688
4690
4691
4693
4694
4697
4699
4700
4701
4705
4706
4708
4709
4710
4711
4712
4714
4716
4717
4722
4723
4726
4728
4730
4731
4732
4734
4736
4737
4738
4739
4740
4742
4744
4745
4746
4747
4748
4749
4751
4752
4753
4754
4756
4757
4759
4760
4763
4765
4766
4768
4769
4770
4773
4774
4775
4777
4778
4779
4780
4781
4783
4784
4785
4786
4787
4788
4789
4790
4793
4794
4795
4797
4798
4799
4800
4802
4803
4804
4805
4807
4808
4809
4810
4811
4815
4816
4817
4818
4819
4820
4822
4824
4826
4827
4829
4831
4834
4835
4836
4837
4838
4839
4840
4841
4843
4844
4845
4848
4851
4852
4853
4854
4855
4856
4858
4861
4862
4865
4867
4869
4870
4872
4873
4875
4876
4877
4878
4879
4880
4881
4882
4883
4884
4885
4886
4891
4892
4893
4895
4896
4899
4900
4901
4902
4904
4905
4906
4907
4908
4909
4910
4912
4914
4915
4916
4917
4919
4920
4923
4925
4926
4929
4931
4932
4933
4934
4935
4936
4937
4938
4940
4942
4943
4945
4948
4949
4950
4951
4952
4954
4955
4956
4957
4958
4962
4963
4964
4965
4966
4968
4970
4971
4973
4974
4975
4976
4977
4978
4979
4982
4983
4984
4985
4986
4989
4991
4992
4994
4995
4996
4998
4999
5000
5001
5003
5004
5005
5008
5009
5010
5011
5012
5013
5014
5015
5016
5018
5019
5020
5021
5022
5023
5024
5025
5026
5027
5031
5033
5035
5036
5037
5038
5039
5041
5042
5043
5044
5045
5049
5050
5053
5055
5056
5057
5059
5060
5061
5062
5063
5064
5065
5066
5067
5069
5071
5072
5074
5075
5078
5079
5080
5081
5082
5085
5087
5088
5091
5093
5094
5095
5096
5097
5098
5099
5100
5101
5102
5103
5104
5105
5106
5107
5108
5109
5110
5111
5112
5117
5118
5119
5121
5122
5123
5125
5126
5127
5128
5129
5130
5131
5132
5133
5134
5135
5136
5138
5140
5141
5142
5143
5145
5146
5149
5151
5152
5153
5155
5157
5158
5159
5160
5161
5162
5163
5164
5166
5168
5169
5174
5175
5176
5177
5178
5181
5182
5183
5186
5188
5189
5190
5191
5194
5196
5197
5198
5199
5201
5202
5204
5205
5206
5208
5209
5210
5211
5212
5215
5217
5218
5219
5220
5221
5222
5224
5225
5227
5231
5232
5233
5234
5235
5236
5237
5238
5239
5240
5241
5242
5245
5246
5247
5248
5249
5250
5251
5252
5253
5254
5255
5256
5257
5259
5260
5261
5262
5264
5265
5267
5268
5269
5270
5272
5274
5275
5276
5278
5279
5281
5282
5283
5286
5287
5288
5289
5290
5291
5292
5293
5295
5296
5297
5298
5300
5303
5304
5307
5308
5310
5311
5313
5314
5317
5319
5320
5321
5322
5323
5324
5325
5326
5327
5328
5329
5330
5331
5332
5333
5334
5335
5336
5337
5338
5343
5344
5345
5347
5348
5349
5351
5352
5353
5354
5355
5356
5357
5358
5360
5361
5362
5364
5366
5367
5368
5371
5372
5375
5378
5379
5381
5383
5384
5388
5389
5390
5392
5394
5395
5397
5400
5401
5402
5403
5404
5406
5407
5408
5409
5410
5412
5414
5415
5416
5417
5418
5420
5422
5423
5424
5425
5426
5427
5428
5429
5431
5432
5434
5435
5436
5437
5438
5441
5443
5445
5446
5447
5448
5451
5452
5455
5457
5458
5459
5461
5462
5463
5464
5465
5466
5467
5468
5470
5471
5472
5473
5475
5476
5477
5478
5480
5481
5482
5483
5485
5486
5487
5488
5489
5490
5491
5493
5494
5495
5496
5497
5498
5500
5501
5502
5504
5507
5508
5509
5511
5512
5513
5514
5515
5516
5517
5518
5519
5521
5522
5523
5524
5526
5527
5530
5531
5532
5533
5537
5539
5540
5543
5545
5548
5549
5550
5551
5552
5553
5554
5555
5557
5558
5559
5560
5561
5562
5563
5564
5569
5570
5571
5573
5574
5575
5577
5578
5579
5580
5581
5583
5584
5585
5586
5587
5588
5590
5593
5594
5595
5597
5598
5601
5603
5604
5605
5607
5609
5611
5612
5613
5614
5615
5616
5618
5620
5621
5623
5627
5628
5629
5630
5632
5633
5635
5636
5638
5640
5641
5643
5644
5648
5649
5876
5878
5879
5880
5882
5883
5884
5886
5887
5888
5889
5890
5893
5895
5896
5897
5898
5899
5900
5902
5903
5904
5905
5907
5908
5909
5910
5911
5912
5913
5914
5916
5917
5918
5919
5920
5922
5923
5924
5925
5926
5927
5928
5929
5930
5932
5933
5934
5935
5937
5938
5939
5940
5942
5943
5945
5946
5947
5948
5950
5952
5953
5956
5957
5959
5961
5963
5964
5965
5966
5967
5968
5969
5970
5971
5975
5976
5978
5979
5981
5982
5983
5984
5985
5986
5988
5989
5991
5992
5995
5997
5998
5999
6000
6001
6002
6003
6004
6005
6006
6007
6008
6009
6010
6012
6013
6014
6015
6016
6021
6022
6023
6025
6026
6027
6030
6031
6032
6033
6034
6035
6037
6039
6040
6042
6044
6045
6046
6047
6049
6050
6053
6055
6056
6057
6059
6061
6063
6064
6066
6067
6068
6070
6072
6073
6078
6079
6082
6084
6085
6086
6087
6088
6090
6092
6093
6095
6096
6098
6101
6102
6103
6105
6106
6107
6108
6109
6110
6112
6113
6114
6116
6119
6121
6122
6123
6124
6125
6126
6128
6129
6130
6131
6133
6134
6135
6136
6137
6138
6139
6142
6143
6144
6146
6148
6149
6151
6152
6153
6154
6155
6156
6157
6158
6159
6160
6161
6163
6165
6166
6167
6169
6172
6173
6174
6175
6176
6178
6179
6180
6182
6183
6185
6186
6187
6189
6190
6191
6192
6193
6196
6197
6199
6200
6202
6204
6205
6207
6210
6211
6212
6214
6215
6218
6221
6223
6224
6225
6226
6227
6228
6229
6230
6231
6232
6233
6234
6235
6236
6237
6238
6239
6240
6241
6242
6247
6248
6249
6251
6252
6253
6255
6256
6257
6258
6259
6260
6261
6262
6263
6264
6265
6266
6270
6273
6275
6276
6281
6282
6285
6287
6288
6289
6290
6291
6292
6293
6294
6296
6298
6301
6304
6305
6306
6307
6308
6310
6311
6312
6313
6314
6316
6318
6319
6320
6321
6322
6324
6326
6327
6328
6329
6330
6331
6332
6333
6334
6335
6336
6338
6340
6341
6342
6345
6347
6348
6349
6350
6354
6356
6357
6360
6361
6362
6363
6364
6366
6367
6368
6369
6370
6371
6372
6374
6376
6377
6378
6379
6380
6382
6384
6386
6387
6389
6390
6391
6392
6393
6394
6395
6398
6399
6400
6401
6402
6404
6405
6406
6408
6409
6412
6413
6415
6417
6418
6419
6420
6421
6422
6423
6425
6426
6427
6428
6430
6431
6433
6434
6435
6436
6437
6438
6440
6441
6443
6444
6449
6450
6453
6454
6455
6456
6457
6458
6460
6461
6462
6463
6464
6465
6466
6467
6474
6475
6477
6478
6479
6481
6482
6484
6486
6487
6489
6490
6491
6494
6496
6497
6498
6499
6502
6507
6508
6509
6511
6514
6515
6516
6517
6518
6519
6520
6522
6524
6525
6527
6530
6531
6532
6533
6534
6536
6537
6538
6539
6540
6542
6544
6545
6546
6547
6548
6550
6552
6553
6554
6555
6556
6557
6558
6559
6560
6561
6562
6564
6565
6567
6571
6573
6574
6576
6577
6578
6580
6581
6582
6583
6585
6586
6587
6588
6589
6590
6592
6594
6595
6596
6597
6598
6601
6602
6603
6604
6605
6606
6607
6608
6609
6610
6611
6612
6615
6616
6617
6618
6620
6621
6623
6624
6625
6626
6627
6631
6634
6635
6637
6639
6641
6642
6643
6644
6645
6646
6647
6648
6649
6651
6652
6653
6654
6656
6657
6659
6660
6662
6663
6664
6666
6667
6669
6670
6673
6675
6676
6677
6678
6679
6680
6681
6682
6683
6684
6685
6686
6687
6688
6689
6690
6691
6693
6694
6699
6700
6701
6703
6704
6705
6707
6708
6709
6710
6711
6713
6715
6716
6717
6718
6720
6722
6723
6724
6725
6728
6731
6733
6734
6735
6737
6739
6740
6742
6743
6744
6745
6746
6748
6750
6751
6753
6756
6757
6758
6760
6762
6764
6765
6766
6768
6771
6772
6773
6774
6776
6779
6780
6781
6782
6783
6784
6785
6786
6787
6790
6793
6794
6797
6799
6800
6801
6803
6804
6806
6807
6808
6809
6811
6812
6813
6814
6815
6816
6817
6819
6820
6822
6824
6826
6827
6829
6830
6831
6832
6833
6834
6835
6836
6837
6839
6842
6843
6844
6845
6846
6847
6850
6851
6853
6854
6856
6857
6858
6860
6863
6864
6867
6868
6869
6870
6871
6872
6873
6874
6875
6877
6878
6879
6880
6882
6883
6885
6886
6887
6889
6890
6892
6893
6895
6896
6899
6901
6902
6903
6904
6905
6906
6907
6908
6909
6911
6912
6913
6914
6915
6916
6917
6918
6919
6925
6926
6927
6929
6930
6931
6933
6934
6935
6936
6937
6939
6941
6942
6943
6944
6946
6948
6949
6950
6954
6957
6960
6961
6963
6965
6966
6967
6968
6969
6970
6971
6972
6974
6976
6982
6983
6984
6988
6989
6990
6991
6992
6996
6997
6998
6999
7000
7002
7004
7005
7006
7007
7009
7010
7011
7012
7014
7016
7018
7019
7020
7023
7025
7026
7027
7028
7029
7030
7032
7033
7034
7035
7037
7038
7039
7041
7042
7044
7045
7046
7047
7048
7049
7050
7052
7053
7054
7055
7056
7057
7058
7059
7060
7061
7062
7063
7064
7065
7067
7068
7072
7073
7075
7076
7077
7078
7079
7080
7082
7083
7084
7086
7087
7089
7090
7091
7093
7094
7095
7096
7097
7098
7099
7100
7106
7108
7111
7112
7113
7114
7116
7118
7119
7121
7125
7127
7128
7129
7130
7131
7133
7134
7135
7136
7137
7138
7139
7140
7141
7142
7143
7144
7145
7146
7152
7153
7155
7157
7160
7161
7162
7163
7164
7166
7167
7168
7169
7170
7172
7174
7175
7176
7177
7179
7180
7183
7185
7187
7189
7191
7192
7193
7194
7195
7196
7197
7198
7200
7202
7203
7205
7209
7210
7211
7212
7214
7215
7216
7217
7218
7220
7222
7223
7224
7225
7226
7228
7230
7231
7233
7234
7235
7236
7237
7239
7240
7242
7245
7246
7249
7251
7253
7254
7255
7258
7259
7260
7261
7263
7264
7265
7266
7267
7268
7269
7271
7272
7273
7274
7275
7276
7279
7280
7281
7282
7284
7285
7286
7287
7288
7289
7290
7291
7293
7294
7295
7296
7297
7298
7299
7301
7303
7304
7305
7306
7308
7310
7312
7313
7315
7316
7317
7319
7320
7321
7322
7323
7324
7325
7326
7327
7329
7330
7332
7334
7337
7338
7339
7340
7341
7342
7344
7347
7348
7351
7353
7354
7355
7356
7357
7358
7359
7360
7361
7362
7363
7364
7365
7366
7367
7368
7369
7370
7371
7372
7377
7378
7379
7381
7382
7383
7385
7386
7388
7389
7390
7392
7393
7394
7396
7398
7401
7402
7403
7405
7406
7411
7412
7413
7415
7417
7418
7419
7420
7421
7424
7426
7428
7429
7431
7434
7435
7436
7438
7440
7441
7442
7443
7446
7448
7449
7451
7452
7454
7456
7457
7458
7459
7460
7462
7463
7464
7465
7466
7469
7470
7471
7475
7478
7479
7480
7481
7482
7484
7485
7486
7487
7489
7490
7491
7492
7493
7494
7495
7497
7498
7500
7502
7504
7505
7506
7507
7508
7509
7511
7512
7513
7514
7515
7516
7517
7519
7520
7521
7522
7523
7524
7525
7527
7528
7529
7530
7531
7532
7534
7535
7536
7538
7539
7541
7542
7543
7545
7546
7548
7549
7550
7551
7552
7553
7555
7556
7558
7560
7561
7563
7564
7566
7567
7568
7571
7573
7574
7577
7579
7580
7581
7582
7583
7584
7585
7586
7587
7589
7590
7591
7592
7593
7594
7595
7596
7597
7598
7603
7604
7607
7608
7611
7612
7613
7614
7615
7616
7617
7618
7619
7620
7621
7622
7624
7626
7627
7628
7629
7632
7635
7637
7638
7639
7641
7643
7644
7646
7647
7648
7649
7650
7652
7654
7655
7660
7662
7663
7664
7666
7667
7668
7669
7670
7672
7674
7675
7676
7677
7680
7682
7683
7684
7685
7686
7688
7689
7691
7692
7694
7695
7696
7697
7703
7704
7705
7706
7707
7708
7710
7711
7712
7713
7715
7716
7717
7718
7719
7721
7722
7723
7724
7725
7726
7727
7728
7730
7731
7732
7733
7734
7736
7737
7738
7739
7745
7746
7747
7748
7750
7751
7753
7754
7755
7756
7757
7758
7760
7761
7762
7764
7767
7769
7771
7772
7773
7774
7776
7777
7778
7779
7781
7783
7784
7786
7787
7789
7790
7792
7793
7796
7797
7799
7800
7803
7805
7806
7807
7809
7810
7811
7812
7813
7814
7815
7816
7817
7818
7819
7820
7821
7822
7823
7824
7829
7830
7831
7833
7834
7835
7837
7838
7839
7840
7841
7842
7843
7844
7845
7846
7847
7848
7850
7852
7853
7854
7855
7857
7858
7861
7863
7864
7865
7867
7869
7870
7871
7872
7873
7874
7875
7876
7878
7880
7883
7886
7888
7889
7890
7893
7894
7895
7896
7898
7900
7901
7902
7903
7904
7906
7908
7909
7910
7912
7913
7914
7915
7916
7917
7918
7920
7921
7922
7923
7924
7929
7930
7931
7932
7933
7937
7938
7939
7941
7942
7943
7944
7945
7946
7947
7949
7950
7951
7952
7954
7956
7957
7958
7959
7961
7962
7963
7964
7965
7967
7968
7969
7971
7972
7974
7975
7976
7977
7979
7980
7981
7982
7984
7986
7987
7988
7990
7991
7993
7995
7997
7998
7999
8000
8003
8004
8005
8007
8009
8010
8015
8016
8018
8019
8020
8022
8023
8025
8026
8029
8031
8032
8033
8034
8036
8037
8038
8039
8040
8041
8042
8043
8044
8045
8046
8047
8048
8049
8050
8055
8056
8057
8059
8060
8061
8063
8065
8067
8068
8069
8071
8073
8074
8076
8078
8080
8081
8083
8084
8087
8089
8090
8093
8095
8096
8097
8098
8101
8102
8106
8107
8109
8112
8113
8114
8115
8116
8118
8120
8121
8122
8124
8126
8127
8128
8129
8130
8132
8134
8135
8362
8363
8364
8365
8366
8367
8368
8369
8370
8372
8373
8374
8375
8376
8379
8381
8382
8384
8385
8386
8388
8390
8393
8394
8395
8396
8397
8399
8400
8401
8402
8404
8405
8406
8408
8409
8410
8411
8412
8413
8414
8415
8416
8417
8418
8419
8420
8421
8423
8424
8425
8426
8427
8428
8429
8431
8433
8434
8435
8436
8438
8439
8440
8442
8443
8445
8446
8447
8449
8450
8451
8452
8453
8454
8455
8456
8457
8459
8460
8461
8462
8464
8465
8467
8468
8470
8471
8472
8474
8475
8478
8483
8486
8487
8488
8489
8490
8492
8493
8494
8495
8496
8497
8498
8499
8501
8502
8507
8508
8509
8511
8512
8513
8515
8516
8517
8518
8519
8520
8522
8524
8526
8528
8530
8531
8533
8535
8539
8541
8542
8543
8545
8548
8549
8551
8552
8553
8554
8556
8558
8559
8561
8564
8565
8566
8567
8568
8570
8571
8573
8576
8578
8579
8580
8581
8582
8584
8586
8587
8588
8589
8590
8591
8592
8593
8594
8595
8596
8598
8599
8600
8601
8602
8605
8607
8608
8610
8611
8612
8614
8616
8617
8619
8620
8621
8622
8623
8624
8625
8626
8627
8628
8629
8630
8631
8632
8635
8636
8637
8638
8639
8640
8641
8642
8643
8644
8645
8646
8647
8650
8651
8653
8654
8655
8657
8658
8659
8660
8661
8664
8665
8666
8668
8669
8671
8672
8675
8677
8680
8681
8682
8683
8685
8686
8688
8690
8691
8693
8695
8696
8697
8700
8701
8703
8707
8709
8710
8711
8712
8713
8715
8716
8717
8718
8719
8720
8721
8722
8723
8724
8725
8726
8727
8728
8733
8734
8735
8737
8738
8739
8741
8742
8745
8746
8747
8748
8749
8750
8751
8752
8754
8756
8757
8758
8759
8761
8762
8765
8767
8768
8769
8771
8773
8774
8775
8776
8777
8778
8779
8780
8784
8785
8787
8790
8791
8792
8793
8794
8796
8797
8798
8800
8802
8804
8805
8806
8808
8810
8812
8813
8814
8815
8816
8817
8818
8819
8820
8821
8822
8824
8825
8826
8827
8828
8831
8834
8835
8836
8837
8841
8842
8843
8845
8847
8848
8849
8850
8851
8853
8854
8855
8857
8858
8860
8861
8862
8863
8864
8865
8866
8867
8868
8869
8870
8871
8872
8873
8875
8876
8877
8879
8880
8881
8884
8885
8886
8887
8888
8890
8891
8892
8894
8895
8897
8898
8899
8901
8902
8903
8904
8905
8906
8907
8908
8909
8911
8912
8913
8914
8916
8917
8919
8920
8921
8922
8923
8924
8926
8927
8929
8930
8933
8935
8936
8937
8938
8939
8940
8941
8942
8944
8945
8946
8947
8949
8950
8951
8952
8953
8954
8959
8960
8961
8963
8964
8965
8968
8969
8970
8971
8972
8973
8974
8975
8976
8977
8978
8980
8982
8983
8984
8985
8987
8988
8991
8993
8994
8995
8997
8999
9000
9001
9002
9003
9004
9005
9006
9010
9011
9013
9016
9017
9018
9019
9020
9022
9023
9024
9025
9028
9030
9031
9033
9034
9038
9039
9266
9268
9269
9270
9271
9272
9273
9274
9276
9277
9278
9279
9280
9285
9286
9287
9288
9289
9290
9292
9293
9294
9295
9297
9298
9299
9300
9301
9302
9303
9305
9306
9307
9308
9309
9310
9312
9313
9314
9315
9316
9317
9318
9319
9320
9321
9323
9324
9325
9327
9328
9329
9330
9332
9333
9335
9336
9337
9338
9339
9340
9342
9343
9344
9346
9347
9349
9350
9351
9353
9354
9355
9356
9357
9358
9359
9360
9364
9366
9369
9371
9372
9373
9374
9375
9376
9378
9381
9385
9389
9390
9391
9392
9393
9395
9396
9397
9398
9399
9400
9401
9402
9403
9404
9411
9412
9413
9415
9416
9417
9419
9420
9422
9423
9424
9425
9426
9427
9429
9430
9432
9434
9435
9436
9439
9440
9443
9445
9446
9447
9449
9451
9452
9453
9454
9455
9457
9458
9460
9462
9469
9470
9471
9472
9474
9475
9476
9477
9478
9480
9482
9483
9485
9486
9488
9491
9492
9493
9494
9495
9496
9497
9498
9499
9502
9503
9504
9505
9506
9509
9511
9512
9513
9514
9515
9516
9518
9521
9523
9524
9525
9526
9527
9528
9529
9530
9531
9532
9534
9535
9536
9538
9539
9540
9541
9542
9544
9545
9546
9547
9549
9550
9551
9553
9554
9556
9558
9559
9561
9562
9563
9564
9568
9569
9570
9573
9577
9579
9580
9581
9582
9583
9584
9586
9587
9589
9590
9592
9594
9595
9597
9598
9599
9600
9601
9602
9604
9605
9607
9608
9611
9613
9614
9615
9616
9617
9618
9619
9620
9621
9624
9625
9626
9627
9628
9629
9631
9637
9638
9639
9641
9642
9643
9645
9646
9647
9648
9649
9650
9651
9652
9653
9654
9655
9656
9658
9660
9661
9662
9663
9665
9666
9669
9671
9672
9673
9675
9678
9680
9682
9683
9684
9688
9689
9694
9696
9698
9700
9701
9702
9704
9708
9709
9710
9711
9712
9714
9716
9717
9718
9719
9720
9721
9723
9725
9728
9729
9730
9731
9732
9738
9739
9740
9741
9742
9744
9746
9747
9749
9750
9751
9753
9754
9755
9756
9757
9758
9759
9760
9761
9762
9764
9765
9766
9767
9769
9770
9771
9773
9775
9776
9777
9779
9780
9781
9783
9784
9785
9787
9788
9789
9790
9791
9792
9794
9795
9796
9798
9801
9803
9805
9807
9808
9809
9810
9811
9813
9815
9816
9817
9820
9821
9825
9826
9827
9828
9830
9831
9833
9834
9837
9839
9841
9842
9843
9844
9845
9848
9849
9850
9851
9852
9853
9855
9856
9857
9858
9863
9864
9865
9867
9868
9869
9871
9872
9874
9875
9876
9877
9878
9879
9880
9881
9882
9886
9887
9888
9889
9891
9892
9897
9898
9901
9903
9904
9905
9906
9908
9910
9912
9914
9917
9920
9921
9922
9923
9924
9926
9928
9929
9930
9932
9934
9935
9936
9937
9938
9940
9942
9943
10170
10171
10172
10173
10174
10175
10176
10178
10180
10181
10182
10183
10184
10187
10189
10190
10192
10193
10194
10197
10198
10199
10201
10202
10203
10204
10205
10206
10207
10208
10209
10210
10211
10212
10213
10214
10216
10217
10218
10219
10220
10221
10222
10223
10224
10225
10226
10227
10228
10229
10232
10233
10234
10235
10237
10239
10240
10241
10242
10243
10244
10246
10247
10248
10250
10251
10254
10255
10257
10259
10260
10261
10262
10263
10264
10265
10267
10268
10269
10270
10272
10273
10275
10276
10277
10279
10280
10282
10283
10285
10286
10289
10291
10292
10293
10294
10297
10299
10300
10301
10303
10304
10305
10306
10307
10308
10309
10310
10315
10316
10317
10319
10320
10323
10324
10325
10326
10328
10329
10330
10333
10334
10336
10338
10339
10340
10341
10343
10344
10347
10349
10350
10351
10353
10355
10356
10357
10358
10359
10361
10362
10364
10366
10367
10369
10372
10373
10374
10375
10376
10378
10379
10380
10381
10382
10389
10390
10392
10394
10395
10396
10397
10399
10400
10401
10402
10403
10404
10407
10409
10410
10413
10415
10416
10417
10418
10419
10420
10422
10423
10424
10425
10427
10428
10429
10430
10431
10433
10434
10435
10436
10437
10439
10440
10442
10443
10444
10445
10446
10447
10448
10449
10450
10451
10453
10454
10455
10457
10458
10459
10462
10463
10466
10467
10468
10469
10470
10472
10473
10476
10477
10479
10480
10481
10483
10484
10485
10487
10488
10489
10491
10493
10494
10495
10496
10498
10499
10501
10502
10503
10505
10506
10508
10509
10512
10515
10517
10518
10519
10521
10522
10523
10524
10525
10526
10527
10528
10529
10530
10531
10532
10533
10534
10536
10541
10542
10543
10545
10546
10547
10549
10550
10551
10553
10554
10555
10556
10557
10559
10560
10562
10564
10565
10566
10569
10576
10577
10579
10581
10582
10583
10584
10585
10586
10587
10588
10590
10592
10593
10595
10598
10599
10600
10601
10602
10604
10605
10608
10610
10612
10613
10614
10615
10616
10618
10620
10621
10622
10623
10624
10625
10626
10627
10628
10629
10630
10632
10633
10635
10636
10639
10641
10642
10643
10644
10645
10646
10648
10649
10650
10651
10653
10654
10655
10656
10657
10659
10660
10661
10662
10664
10665
10666
10668
10669
10670
10671
10672
10673
10674
10675
10676
10677
10678
10679
10680
10681
10683
10684
10685
10686
10687
10688
10689
10691
10692
10693
10694
10695
10696
10698
10699
10702
10703
10705
10706
10709
10710
10713
10714
10715
10716
10717
10719
10720
10721
10722
10725
10727
10728
10729
10730
10731
10735
10738
10741
10743
10744
10745
10746
10747
10748
10749
10750
10751
10752
10753
10754
10755
10756
10757
10758
10759
10760
10761
10767
10768
10769
10772
10773
10775
10776
10777
10778
10779
10780
10781
10782
10783
10784
10785
10786
10790
10791
10793
10795
10796
10799
10801
10803
10805
10807
10808
10809
10811
10814
10816
10818
10819
10824
10825
10826
10827
10828
10830
10831
10832
10833
10834
10836
10838
10839
10840
10841
10842
10844
10846
10847
10848
10850
10851
10852
10853
10854
10855
10858
10859
10860
10861
10862
10865
10867
10868
10869
10870
10871
10872
10874
10875
10877
10880
10881
10883
10884
10885
10886
10887
10888
10889
10890
10891
10892
10894
10895
10896
10897
10898
10899
10901
10902
10903
10904
10905
10907
10909
10910
10911
10912
10913
10914
10915
10917
10919
10920
10921
10922
10924
10925
10926
10929
10931
10932
10933
10936
10937
10938
10939
10940
10941
10942
10943
10945
10947
10948
10950
10951
10953
10954
10955
10957
10958
10960
10961
10963
10964
10967
10970
10971
10973
10974
10976
10977
10978
10979
10980
10981
10982
10983
10984
10985
10986
10987
10988
10993
10994
10995
10997
10998
10999
11001
11002
11003
11004
11005
11006
11007
11008
11010
11012
11014
11016
11017
11021
11025
11027
11028
11031
11033
11034
11035
11036
11037
11038
11039
11040
11044
11045
11047
11050
11052
11053
11054
11056
11057
11058
11059
11060
11062
11064
11065
11066
11068
11070
11072
11073
11074
11075
11076
11077
11079
11081
11082
11084
11085
11088
11091
11093
11094
11095
11096
11097
11098
11100
11102
11103
11105
11106
11107
11110
11111
11112
11113
11114
11115
11116
11117
11118
11120
11121
11122
11123
11124
11125
11127
11128
11130
11131
11132
11133
11135
11136
11137
11139
11140
11141
11143
11146
11147
11148
11150
11151
11152
11155
11157
11158
11159
11161
11162
11163
11165
11167
11168
11169
11171
11173
11174
11176
11177
11179
11180
11181
11182
11183
11184
11186
11187
11189
11190
11193
11195
11196
11198
11199
11200
11202
11203
11205
11206
11207
11208
11209
11210
11211
11212
11213
11214
11219
11221
11223
11224
11227
11228
11229
11230
11231
11232
11233
11234
11235
11236
11237
11238
11240
11242
11243
11244
11245
11247
11251
11253
11254
11255
11257
11259
11260
11261
11262
11265
11266
11268
11270
11271
11273
11277
11278
11280
11282
11283
11284
11285
11286
11288
11290
11291
11293
11296
11298
11299
11300
11301
11302
11303
11305
11306
11307
11308
11310
11311
11313
11314
11317
11319
11320
11321
11323
11324
11326
11327
11329
11331
11334
11335
11336
11337
11338
11339
11340
11341
11342
11343
11344
11346
11347
11348
11350
11351
11352
11353
11354
11355
11356
11357
11358
11359
11361
11362
11364
11365
11366
11369
11371
11373
11374
11376
11378
11380
11381
11383
11384
11385
11387
11389
11390
11391
11392
11393
11394
11395
11397
11398
11399
11400
11403
11405
11406
11407
11408
11409
11410
11412
11413
11415
11419
11421
11422
11424
11425
11426
11427
11428
11429
11430
11431
11432
11433
11434
11435
11436
11437
11438
11439
11440
11445
11446
11447
11449
11450
11451
11453
11454
11456
11457
11458
11460
11461
11462
11463
11464
11466
11468
11469
11470
11471
11473
11474
11477
11479
11480
11481
11483
11485
11486
11487
11488
11489
11490
11491
11492
11494
11496
11497
11502
11503
11504
11505
11506
11508
11509
11510
11511
11512
11514
11516
11518
11519
11520
11522
11524
11525
11526
11528
11529
11530
11531
11532
11533
11534
11536
11538
11540
11543
11545
11546
11547
11548
11549
11550
11552
11553
11554
11555
11557
11558
11559
11560
11561
11562
11563
11564
11565
11566
11567
11568
11569
11570
11572
11573
11574
11575
11576
11577
11578
11579
11580
11581
11582
11583
11584
11585
11587
11589
11590
11592
11593
11595
11596
11597
11598
11599
11600
11602
11603
11604
11606
11607
11609
11610
11611
11613
11614
11616
11617
11618
11619
11620
11621
11623
11624
11625
11626
11628
11629
11631
11632
11633
11634
11636
11638
11639
11641
11642
11645
11649
11650
11651
11652
11653
11654
11655
11656
11657
11658
11659
11660
11661
11663
11664
11665
11666
11671
11672
11673
11675
11676
11677
11679
11680
11681
11682
11683
11684
11685
11687
11688
11689
11692
11694
11695
11696
11697
11699
11700
11705
11706
11707
11709
11711
11712
11714
11715
11717
11718
11720
11722
11723
11725
11729
11731
11732
11735
11736
11737
11738
11740
11742
11743
11744
11745
11746
11748
11751
11978
11979
11980
11981
11982
11983
11984
11985
11986
11988
11989
11990
11991
11992
11997
11998
11999
12000
12002
12004
12005
12006
12007
12009
12011
12012
12013
12015
12017
12018
12019
12020
12021
12022
12024
12026
12027
12028
12029
12030
12031
12032
12033
12034
12036
12037
12039
12040
12041
12042
12043
12044
12045
12047
12048
12049
12050
12051
12052
12054
12055
12056
12058
12059
12061
12062
12063
12065
12066
12067
12068
12070
12071
12072
12073
12075
12076
12077
12078
12080
12081
12084
12085
12087
12090
12091
12093
12094
12097
12099
12100
12102
12103
12104
12105
12106
12107
12108
12111
12112
12113
12114
12116
12117
12118
12123
12124
12125
12127
12128
12129
12131
12133
12134
12135
12136
12137
12138
12139
12140
12141
12142
12144
12146
12147
12148
12149
12152
12155
12157
12158
12159
12161
12163
12164
12165
12166
12167
12168
12169
12170
12172
12174
12175
12177
12180
12181
12182
12183
12184
12186
12187
12188
12190
12192
12194
12195
12196
12197
12200
12202
12203
12204
12205
12206
12207
12208
12209
12210
12211
12212
12214
12215
12216
12217
12218
12221
12223
12224
12225
12226
12228
12230
12231
12232
12235
12238
12239
12240
12242
12243
12244
12245
12246
12247
12248
12250
12251
12253
12254
12255
12256
12257
12258
12259
12260
12261
12262
12265
12267
12269
12270
12273
12274
12275
12278
12280
12282
12284
12285
12287
12288
12289
12291
12292
12293
12294
12295
12296
12297
12298
12299
12302
12303
12304
12306
12307
12309
12310
12311
12312
12313
12314
12316
12317
12319
12320
12323
12325
12326
12327
12328
12329
12331
12332
12333
12335
12336
12338
12339
12341
12342
12343
12344
12350
12351
12353
12354
12355
12357
12358
12359
12360
12361
12362
12363
12364
12365
12366
12367
12368
12370
12373
12374
12375
12377
12378
12381
12383
12384
12389
12390
12391
12393
12394
12395
12396
12398
12400
12401
12403
12406
12407
12408
12409
12410
12412
12413
12414
12415
12416
12420
12422
12423
12424
12426
12428
12429
12431
12432
12433
12435
12436
12437
12438
12440
12441
12442
12444
12447
12449
12450
12451
12452
12453
12456
12457
12458
12459
12461
12462
12463
12464
12465
12466
12467
12468
12469
12470
12472
12474
12476
12477
12478
12479
12480
12481
12482
12483
12484
12485
12486
12487
12488
12491
12492
12493
12494
12496
12497
12499
12500
12501
12502
12503
12504
12506
12507
12508
12510
12513
12514
12515
12518
12519
12520
12521
12523
12524
12525
12527
12529
12530
12532
12533
12535
12536
12537
12538
12539
12540
12542
12543
12545
12549
12551
12552
12553
12554
12555
12557
12558
12559
12560
12561
12562
12563
12564
12565
12566
12568
12569
12570
12575
12576
12577
12579
12580
12581
12583
12585
12587
12588
12589
12590
12591
12592
12593
12596
12598
12600
12601
12603
12604
12607
12609
12613
12615
12616
12617
12618
12619
12620
12621
12622
12624
12626
12627
12629
12632
12633
12634
12635
12636
12639
12640
12641
12642
12644
12646
12647
12648
12649
12650
12652
12654
12655
12882
12883
12884
12885
12886
12887
12888
12889
12890
12892
12893
12895
12896
12899
12901
12904
12905
12910
12911
12913
12914
12915
12916
12917
12918
12919
12920
12922
12924
12925
12926
12928
12929
12930
12931
12932
12933
12934
12935
12936
12937
12938
12939
12941
12943
12944
12945
12946
12947
12949
12951
12953
12954
12955
12956
12958
12959
12960
12962
12963
12965
12966
12967
12969
12970
12973
12974
12976
12977
12979
12981
12982
12985
12987
12988
12989
12990
12992
12994
12995
12998
13001
13003
13004
13005
13006
13010
13011
13013
13014
13015
13016
13017
13018
13019
13020
13021
13022
13027
13028
13029
13031
13032
13033
13035
13036
13038
13039
13040
13041
13042
13043
13044
13045
13046
13050
13051
13052
13053
13055
13059
13061
13062
13063
13065
13067
13069
13070
13071
13072
13073
13074
13076
13078
13079
13081
13084
13086
13087
13088
13091
13094
13096
13099
13101
13102
13104
13106
13107
13334
13335
13336
13337
13338
13339
13340
13341
13342
13344
13345
13346
13348
13351
13353
13354
13355
13356
13357
13358
13360
13361
13362
13363
13365
13366
13367
13369
13370
13371
13372
13373
13374
13375
13376
13377
13378
13380
13382
13383
13384
13385
13386
13387
13388
13390
13391
13392
13395
13396
13397
13398
13400
13403
13404
13405
13406
13407
13408
13411
13412
13414
13417
13418
13419
13421
13422
13423
13424
13425
13426
13427
13428
13429
13431
13432
13433
13434
13436
13437
13439
13440
13441
13442
13443
13444
13446
13447
13449
13450
13453
13455
13456
13457
13458
13459
13460
13461
13463
13464
13465
13466
13467
13468
13469
13471
13472
13474
13479
13480
13481
13483
13484
13485
13487
13488
13489
13490
13491
13492
13494
13495
13496
13497
13498
13500
13502
13503
13504
13505
13507
13508
13511
13513
13514
13515
13517
13519
13520
13521
13522
13523
13524
13525
13526
13528
13530
13531
13533
13536
13537
13538
13539
13540
13542
13543
13544
13548
13550
13551
13552
13553
13554
13556
13558
13559
13561
13562
13563
13564
13565
13566
13568
13570
13571
13572
13573
13574
13577
13579
13580
13581
13583
13584
13587
13588
13589
13591
13592
13593
13594
13595
13596
13597
13598
13599
13600
13601
13602
13603
13604
13606
13607
13608
13610
13612
13613
13614
13615
13616
13617
13618
13619
13621
13622
13623
13624
13625
13626
13627
13629
13630
13631
13632
13633
13634
13636
13637
13638
13640
13641
13643
13644
13645
13647
13649
13650
13651
13652
13653
13654
13655
13657
13658
13659
13660
13662
13663
13665
13666
13667
13668
13669
13670
13672
13673
13675
13676
13679
13681
13682
13683
13684
13685
13686
13687
13688
13690
13691
13692
13693
13695
13696
13697
13699
13700
13705
13706
13707
13709
13710
13711
13713
13714
13715
13716
13717
13718
13720
13721
13722
13723
13724
13728
13729
13730
13731
13733
13734
13737
13740
13741
13743
13745
13746
13748
13750
13751
13752
13754
13756
13757
13759
13762
13763
13764
13765
13766
13768
13769
13771
13772
13774
13776
13777
13778
13779
13780
13785
14012
14013
14014
14016
14017
14018
14022
14023
14024
14025
14026
14029
14031
14034
14035
14036
14038
14039
14040
14041
14043
14044
14045
14046
14047
14048
14049
14050
14051
14052
14053
14054
14055
14056
14058
14059
14060
14061
14062
14063
14064
14065
14067
14068
14069
14070
14071
14073
14074
14075
14076
14077
14078
14081
14082
14083
14084
14085
14086
14088
14089
14092
14095
14096
14097
14100
14101
14102
14103
14104
14106
14107
14111
14112
14114
14115
14117
14118
14119
14120
14121
14122
14124
14127
14128
14131
14133
14134
14135
14136
14137
14139
14140
14141
14142
14143
14144
14146
14147
14148
14149
14150
14151
14152
14157
14158
14159
14161
14162
14163
14165
14166
14167
14168
14169
14170
14171
14172
14173
14174
14175
14176
14178
14180
14181
14182
14183
14185
14189
14191
14192
14193
14195
14197
14198
14199
14200
14201
14202
14203
14204
14206
14209
14214
14215
14216
14217
14218
14220
14221
14222
14223
14224
14228
14229
14230
14231
14232
14234
14237
14238
14239
14240
14241
14242
14243
14245
14246
14249
14250
14251
14252
14255
14257
14258
14259
14260
14262
14264
14265
14266
14267
14269
14270
14271
14272
14273
14274
14275
14276
14278
14279
14280
14281
14282
14284
14285
14286
14288
14289
14290
14292
14293
14295
14296
14297
14299
14300
14301
14302
14303
14304
14305
14307
14309
14310
14311
14314
14315
14316
14318
14321
14322
14323
14325
14326
14327
14328
14329
14331
14332
14333
14335
14336
14337
14338
14340
14341
14343
14344
14346
14347
14350
14351
14353
14354
14359
14360
14361
14362
14363
14364
14365
14366
14367
14368
14370
14371
14373
14374
14375
14376
14377
14378
14383
14384
14385
14387
14388
14392
14393
14394
14395
14396
14397
14398
14399
14400
14401
14402
14406
14407
14408
14409
14411
14412
14415
14419
14421
14423
14424
14425
14426
14427
14428
14429
14430
14432
14434
14435
14437
14440
14441
14442
14443
14444
14446
14447
14448
14450
14452
14454
14456
14458
14460
14463
